DEB [20180503-05:26:12.276] thr=1   paramiko.transport: starting thread (client mode): 0x542f8cd0L
DEB [20180503-05:26:12.277] thr=1   paramiko.transport: Local version/idstring: SSH-2.0-paramiko_2.3.1
DEB [20180503-05:26:12.589] thr=1   paramiko.transport: Remote version/idstring: SSH-2.0-OpenSSH_6.6.1p1 Ubuntu-2ubuntu2.10
INF [20180503-05:26:12.590] thr=1   paramiko.transport: Connected (version 2.0, client OpenSSH_6.6.1p1)
DEB [20180503-05:26:12.898] thr=1   paramiko.transport: kex algos:[u'curve25519-sha256@libssh.org', u'ecdh-sha2-nistp256', u'ecdh-sha2-nistp384', u'ecdh-sha2-nistp521', u'diffie-hellman-group-exchange-sha256', u'diffie-hellman-group-exchange-sha1', u'diffie-hellman-group14-sha1', u'diffie-hellman-group1-sha1'] server key:[u'ssh-rsa', u'ssh-dss'] client encrypt:[u'aes128-ctr', u'aes192-ctr', u'aes256-ctr', u'arcfour256', u'arcfour128', u'aes128-gcm@openssh.com', u'aes256-gcm@openssh.com', u'chacha20-poly1305@openssh.com', u'aes128-cbc', u'3des-cbc', u'blowfish-cbc', u'cast128-cbc', u'aes192-cbc', u'aes256-cbc', u'arcfour', u'rijndael-cbc@lysator.liu.se'] server encrypt:[u'aes128-ctr', u'aes192-ctr', u'aes256-ctr', u'arcfour256', u'arcfour128', u'aes128-gcm@openssh.com', u'aes256-gcm@openssh.com', u'chacha20-poly1305@openssh.com', u'aes128-cbc', u'3des-cbc', u'blowfish-cbc', u'cast128-cbc', u'aes192-cbc', u'aes256-cbc', u'arcfour', u'rijndael-cbc@lysator.liu.se'] client mac:[u'hmac-md5-etm@openssh.com', u'hmac-sha1-etm@openssh.com', u'umac-64-etm@openssh.com', u'umac-128-etm@openssh.com', u'hmac-sha2-256-etm@openssh.com', u'hmac-sha2-512-etm@openssh.com', u'hmac-ripemd160-etm@openssh.com', u'hmac-sha1-96-etm@openssh.com', u'hmac-md5-96-etm@openssh.com', u'hmac-md5', u'hmac-sha1', u'umac-64@openssh.com', u'umac-128@openssh.com', u'hmac-sha2-256', u'hmac-sha2-512', u'hmac-ripemd160', u'hmac-ripemd160@openssh.com', u'hmac-sha1-96', u'hmac-md5-96'] server mac:[u'hmac-md5-etm@openssh.com', u'hmac-sha1-etm@openssh.com', u'umac-64-etm@openssh.com', u'umac-128-etm@openssh.com', u'hmac-sha2-256-etm@openssh.com', u'hmac-sha2-512-etm@openssh.com', u'hmac-ripemd160-etm@openssh.com', u'hmac-sha1-96-etm@openssh.com', u'hmac-md5-96-etm@openssh.com', u'hmac-md5', u'hmac-sha1', u'umac-64@openssh.com', u'umac-128@openssh.com', u'hmac-sha2-256', u'hmac-sha2-512', u'hmac-ripemd160', u'hmac-ripemd160@openssh.com', u'hmac-sha1-96', u'hmac-md5-96'] client compress:[u'none', u'zlib@openssh.com'] server compress:[u'none', u'zlib@openssh.com'] client lang:[u''] server lang:[u''] kex follows?False
DEB [20180503-05:26:12.898] thr=1   paramiko.transport: Kex agreed: ecdh-sha2-nistp256
DEB [20180503-05:26:12.898] thr=1   paramiko.transport: HostKey agreed: ssh-rsa
DEB [20180503-05:26:12.899] thr=1   paramiko.transport: Cipher agreed: aes128-ctr
DEB [20180503-05:26:12.899] thr=1   paramiko.transport: MAC agreed: hmac-sha2-256
DEB [20180503-05:26:12.899] thr=1   paramiko.transport: Compression agreed: none
ERR [20180503-05:26:12.914] thr=1   paramiko.transport: Unknown exception: No module named ipaddress
ERR [20180503-05:26:12.920] thr=1   paramiko.transport: Traceback (most recent call last):
ERR [20180503-05:26:12.920] thr=1   paramiko.transport:   File "/usr/local/lib/python2.7/dist-packages/paramiko/transport.py", line 1890, in run
ERR [20180503-05:26:12.920] thr=1   paramiko.transport:     self._handler_table[ptype](self, m)
ERR [20180503-05:26:12.920] thr=1   paramiko.transport:   File "/usr/local/lib/python2.7/dist-packages/paramiko/transport.py", line 1988, in _negotiate_keys
ERR [20180503-05:26:12.920] thr=1   paramiko.transport:     self.kex_engine.start_kex()
ERR [20180503-05:26:12.920] thr=1   paramiko.transport:   File "/usr/local/lib/python2.7/dist-packages/paramiko/kex_ecdh_nist.py", line 32, in start_kex
ERR [20180503-05:26:12.920] thr=1   paramiko.transport:     self._generate_key_pair()
ERR [20180503-05:26:12.921] thr=1   paramiko.transport:   File "/usr/local/lib/python2.7/dist-packages/paramiko/kex_ecdh_nist.py", line 51, in _generate_key_pair
ERR [20180503-05:26:12.921] thr=1   paramiko.transport:     self.P = ec.generate_private_key(self.curve, default_backend())
ERR [20180503-05:26:12.921] thr=1   paramiko.transport:   File "/usr/local/lib/python2.7/dist-packages/cryptography/hazmat/backends/__init__.py", line 15, in default_backend
ERR [20180503-05:26:12.921] thr=1   paramiko.transport:     from cryptography.hazmat.backends.openssl.backend import backend
ERR [20180503-05:26:12.921] thr=1   paramiko.transport:   File "/usr/local/lib/python2.7/dist-packages/cryptography/hazmat/backends/openssl/__init__.py", line 7, in <module>
ERR [20180503-05:26:12.921] thr=1   paramiko.transport:     from cryptography.hazmat.backends.openssl.backend import backend
ERR [20180503-05:26:12.921] thr=1   paramiko.transport:   File "/usr/local/lib/python2.7/dist-packages/cryptography/hazmat/backends/openssl/backend.py", line 16, in <module>
ERR [20180503-05:26:12.921] thr=1   paramiko.transport:     from cryptography import utils, x509
ERR [20180503-05:26:12.921] thr=1   paramiko.transport:   File "/usr/local/lib/python2.7/dist-packages/cryptography/x509/__init__.py", line 8, in <module>
ERR [20180503-05:26:12.921] thr=1   paramiko.transport:     from cryptography.x509.base import (
ERR [20180503-05:26:12.921] thr=1   paramiko.transport:   File "/usr/local/lib/python2.7/dist-packages/cryptography/x509/base.py", line 16, in <module>
ERR [20180503-05:26:12.922] thr=1   paramiko.transport:     from cryptography.x509.extensions import Extension, ExtensionType
ERR [20180503-05:26:12.922] thr=1   paramiko.transport:   File "/usr/local/lib/python2.7/dist-packages/cryptography/x509/extensions.py", line 10, in <module>
ERR [20180503-05:26:12.922] thr=1   paramiko.transport:     import ipaddress
ERR [20180503-05:26:12.922] thr=1   paramiko.transport: ImportError: No module named ipaddress
ERR [20180503-05:26:12.922] thr=1   paramiko.transport: 
DEB [20180503-05:27:37.604] thr=1   paramiko.transport: starting thread (client mode): 0xba8c2cd0L
DEB [20180503-05:27:37.605] thr=1   paramiko.transport: Local version/idstring: SSH-2.0-paramiko_2.3.1
DEB [20180503-05:27:37.896] thr=1   paramiko.transport: Remote version/idstring: SSH-2.0-OpenSSH_6.6.1p1 Ubuntu-2ubuntu2.10
INF [20180503-05:27:37.897] thr=1   paramiko.transport: Connected (version 2.0, client OpenSSH_6.6.1p1)
DEB [20180503-05:27:38.188] thr=1   paramiko.transport: kex algos:[u'curve25519-sha256@libssh.org', u'ecdh-sha2-nistp256', u'ecdh-sha2-nistp384', u'ecdh-sha2-nistp521', u'diffie-hellman-group-exchange-sha256', u'diffie-hellman-group-exchange-sha1', u'diffie-hellman-group14-sha1', u'diffie-hellman-group1-sha1'] server key:[u'ssh-rsa', u'ssh-dss'] client encrypt:[u'aes128-ctr', u'aes192-ctr', u'aes256-ctr', u'arcfour256', u'arcfour128', u'aes128-gcm@openssh.com', u'aes256-gcm@openssh.com', u'chacha20-poly1305@openssh.com', u'aes128-cbc', u'3des-cbc', u'blowfish-cbc', u'cast128-cbc', u'aes192-cbc', u'aes256-cbc', u'arcfour', u'rijndael-cbc@lysator.liu.se'] server encrypt:[u'aes128-ctr', u'aes192-ctr', u'aes256-ctr', u'arcfour256', u'arcfour128', u'aes128-gcm@openssh.com', u'aes256-gcm@openssh.com', u'chacha20-poly1305@openssh.com', u'aes128-cbc', u'3des-cbc', u'blowfish-cbc', u'cast128-cbc', u'aes192-cbc', u'aes256-cbc', u'arcfour', u'rijndael-cbc@lysator.liu.se'] client mac:[u'hmac-md5-etm@openssh.com', u'hmac-sha1-etm@openssh.com', u'umac-64-etm@openssh.com', u'umac-128-etm@openssh.com', u'hmac-sha2-256-etm@openssh.com', u'hmac-sha2-512-etm@openssh.com', u'hmac-ripemd160-etm@openssh.com', u'hmac-sha1-96-etm@openssh.com', u'hmac-md5-96-etm@openssh.com', u'hmac-md5', u'hmac-sha1', u'umac-64@openssh.com', u'umac-128@openssh.com', u'hmac-sha2-256', u'hmac-sha2-512', u'hmac-ripemd160', u'hmac-ripemd160@openssh.com', u'hmac-sha1-96', u'hmac-md5-96'] server mac:[u'hmac-md5-etm@openssh.com', u'hmac-sha1-etm@openssh.com', u'umac-64-etm@openssh.com', u'umac-128-etm@openssh.com', u'hmac-sha2-256-etm@openssh.com', u'hmac-sha2-512-etm@openssh.com', u'hmac-ripemd160-etm@openssh.com', u'hmac-sha1-96-etm@openssh.com', u'hmac-md5-96-etm@openssh.com', u'hmac-md5', u'hmac-sha1', u'umac-64@openssh.com', u'umac-128@openssh.com', u'hmac-sha2-256', u'hmac-sha2-512', u'hmac-ripemd160', u'hmac-ripemd160@openssh.com', u'hmac-sha1-96', u'hmac-md5-96'] client compress:[u'none', u'zlib@openssh.com'] server compress:[u'none', u'zlib@openssh.com'] client lang:[u''] server lang:[u''] kex follows?False
DEB [20180503-05:27:38.189] thr=1   paramiko.transport: Kex agreed: ecdh-sha2-nistp256
DEB [20180503-05:27:38.189] thr=1   paramiko.transport: HostKey agreed: ssh-rsa
DEB [20180503-05:27:38.190] thr=1   paramiko.transport: Cipher agreed: aes128-ctr
DEB [20180503-05:27:38.190] thr=1   paramiko.transport: MAC agreed: hmac-sha2-256
DEB [20180503-05:27:38.191] thr=1   paramiko.transport: Compression agreed: none
ERR [20180503-05:27:38.201] thr=1   paramiko.transport: Unknown exception: No module named ipaddress
ERR [20180503-05:27:38.204] thr=1   paramiko.transport: Traceback (most recent call last):
ERR [20180503-05:27:38.204] thr=1   paramiko.transport:   File "/usr/local/lib/python2.7/dist-packages/paramiko/transport.py", line 1890, in run
ERR [20180503-05:27:38.204] thr=1   paramiko.transport:     self._handler_table[ptype](self, m)
ERR [20180503-05:27:38.204] thr=1   paramiko.transport:   File "/usr/local/lib/python2.7/dist-packages/paramiko/transport.py", line 1988, in _negotiate_keys
ERR [20180503-05:27:38.204] thr=1   paramiko.transport:     self.kex_engine.start_kex()
ERR [20180503-05:27:38.204] thr=1   paramiko.transport:   File "/usr/local/lib/python2.7/dist-packages/paramiko/kex_ecdh_nist.py", line 32, in start_kex
ERR [20180503-05:27:38.204] thr=1   paramiko.transport:     self._generate_key_pair()
ERR [20180503-05:27:38.205] thr=1   paramiko.transport:   File "/usr/local/lib/python2.7/dist-packages/paramiko/kex_ecdh_nist.py", line 51, in _generate_key_pair
ERR [20180503-05:27:38.205] thr=1   paramiko.transport:     self.P = ec.generate_private_key(self.curve, default_backend())
ERR [20180503-05:27:38.205] thr=1   paramiko.transport:   File "/usr/local/lib/python2.7/dist-packages/cryptography/hazmat/backends/__init__.py", line 15, in default_backend
ERR [20180503-05:27:38.205] thr=1   paramiko.transport:     from cryptography.hazmat.backends.openssl.backend import backend
ERR [20180503-05:27:38.205] thr=1   paramiko.transport:   File "/usr/local/lib/python2.7/dist-packages/cryptography/hazmat/backends/openssl/__init__.py", line 7, in <module>
ERR [20180503-05:27:38.205] thr=1   paramiko.transport:     from cryptography.hazmat.backends.openssl.backend import backend
ERR [20180503-05:27:38.205] thr=1   paramiko.transport:   File "/usr/local/lib/python2.7/dist-packages/cryptography/hazmat/backends/openssl/backend.py", line 16, in <module>
ERR [20180503-05:27:38.205] thr=1   paramiko.transport:     from cryptography import utils, x509
ERR [20180503-05:27:38.206] thr=1   paramiko.transport:   File "/usr/local/lib/python2.7/dist-packages/cryptography/x509/__init__.py", line 8, in <module>
ERR [20180503-05:27:38.206] thr=1   paramiko.transport:     from cryptography.x509.base import (
ERR [20180503-05:27:38.206] thr=1   paramiko.transport:   File "/usr/local/lib/python2.7/dist-packages/cryptography/x509/base.py", line 16, in <module>
ERR [20180503-05:27:38.206] thr=1   paramiko.transport:     from cryptography.x509.extensions import Extension, ExtensionType
ERR [20180503-05:27:38.206] thr=1   paramiko.transport:   File "/usr/local/lib/python2.7/dist-packages/cryptography/x509/extensions.py", line 10, in <module>
ERR [20180503-05:27:38.206] thr=1   paramiko.transport:     import ipaddress
ERR [20180503-05:27:38.206] thr=1   paramiko.transport: ImportError: No module named ipaddress
ERR [20180503-05:27:38.206] thr=1   paramiko.transport: 
DEB [20180503-05:28:55.165] thr=1   paramiko.transport: starting thread (client mode): 0xb7b28550L
DEB [20180503-05:28:55.167] thr=1   paramiko.transport: Local version/idstring: SSH-2.0-paramiko_2.3.1
DEB [20180503-05:28:55.479] thr=1   paramiko.transport: Remote version/idstring: SSH-2.0-OpenSSH_6.6.1p1 Ubuntu-2ubuntu2.10
INF [20180503-05:28:55.480] thr=1   paramiko.transport: Connected (version 2.0, client OpenSSH_6.6.1p1)
DEB [20180503-05:28:55.786] thr=1   paramiko.transport: kex algos:[u'curve25519-sha256@libssh.org', u'ecdh-sha2-nistp256', u'ecdh-sha2-nistp384', u'ecdh-sha2-nistp521', u'diffie-hellman-group-exchange-sha256', u'diffie-hellman-group-exchange-sha1', u'diffie-hellman-group14-sha1', u'diffie-hellman-group1-sha1'] server key:[u'ssh-rsa', u'ssh-dss'] client encrypt:[u'aes128-ctr', u'aes192-ctr', u'aes256-ctr', u'arcfour256', u'arcfour128', u'aes128-gcm@openssh.com', u'aes256-gcm@openssh.com', u'chacha20-poly1305@openssh.com', u'aes128-cbc', u'3des-cbc', u'blowfish-cbc', u'cast128-cbc', u'aes192-cbc', u'aes256-cbc', u'arcfour', u'rijndael-cbc@lysator.liu.se'] server encrypt:[u'aes128-ctr', u'aes192-ctr', u'aes256-ctr', u'arcfour256', u'arcfour128', u'aes128-gcm@openssh.com', u'aes256-gcm@openssh.com', u'chacha20-poly1305@openssh.com', u'aes128-cbc', u'3des-cbc', u'blowfish-cbc', u'cast128-cbc', u'aes192-cbc', u'aes256-cbc', u'arcfour', u'rijndael-cbc@lysator.liu.se'] client mac:[u'hmac-md5-etm@openssh.com', u'hmac-sha1-etm@openssh.com', u'umac-64-etm@openssh.com', u'umac-128-etm@openssh.com', u'hmac-sha2-256-etm@openssh.com', u'hmac-sha2-512-etm@openssh.com', u'hmac-ripemd160-etm@openssh.com', u'hmac-sha1-96-etm@openssh.com', u'hmac-md5-96-etm@openssh.com', u'hmac-md5', u'hmac-sha1', u'umac-64@openssh.com', u'umac-128@openssh.com', u'hmac-sha2-256', u'hmac-sha2-512', u'hmac-ripemd160', u'hmac-ripemd160@openssh.com', u'hmac-sha1-96', u'hmac-md5-96'] server mac:[u'hmac-md5-etm@openssh.com', u'hmac-sha1-etm@openssh.com', u'umac-64-etm@openssh.com', u'umac-128-etm@openssh.com', u'hmac-sha2-256-etm@openssh.com', u'hmac-sha2-512-etm@openssh.com', u'hmac-ripemd160-etm@openssh.com', u'hmac-sha1-96-etm@openssh.com', u'hmac-md5-96-etm@openssh.com', u'hmac-md5', u'hmac-sha1', u'umac-64@openssh.com', u'umac-128@openssh.com', u'hmac-sha2-256', u'hmac-sha2-512', u'hmac-ripemd160', u'hmac-ripemd160@openssh.com', u'hmac-sha1-96', u'hmac-md5-96'] client compress:[u'none', u'zlib@openssh.com'] server compress:[u'none', u'zlib@openssh.com'] client lang:[u''] server lang:[u''] kex follows?False
DEB [20180503-05:28:55.787] thr=1   paramiko.transport: Kex agreed: ecdh-sha2-nistp256
DEB [20180503-05:28:55.787] thr=1   paramiko.transport: HostKey agreed: ssh-rsa
DEB [20180503-05:28:55.788] thr=1   paramiko.transport: Cipher agreed: aes128-ctr
DEB [20180503-05:28:55.788] thr=1   paramiko.transport: MAC agreed: hmac-sha2-256
DEB [20180503-05:28:55.788] thr=1   paramiko.transport: Compression agreed: none
ERR [20180503-05:28:55.800] thr=1   paramiko.transport: Unknown exception: No module named ipaddress
ERR [20180503-05:28:55.805] thr=1   paramiko.transport: Traceback (most recent call last):
ERR [20180503-05:28:55.805] thr=1   paramiko.transport:   File "/usr/local/lib/python2.7/dist-packages/paramiko/transport.py", line 1890, in run
ERR [20180503-05:28:55.806] thr=1   paramiko.transport:     self._handler_table[ptype](self, m)
ERR [20180503-05:28:55.806] thr=1   paramiko.transport:   File "/usr/local/lib/python2.7/dist-packages/paramiko/transport.py", line 1988, in _negotiate_keys
ERR [20180503-05:28:55.807] thr=1   paramiko.transport:     self.kex_engine.start_kex()
ERR [20180503-05:28:55.808] thr=1   paramiko.transport:   File "/usr/local/lib/python2.7/dist-packages/paramiko/kex_ecdh_nist.py", line 32, in start_kex
ERR [20180503-05:28:55.808] thr=1   paramiko.transport:     self._generate_key_pair()
ERR [20180503-05:28:55.808] thr=1   paramiko.transport:   File "/usr/local/lib/python2.7/dist-packages/paramiko/kex_ecdh_nist.py", line 51, in _generate_key_pair
ERR [20180503-05:28:55.808] thr=1   paramiko.transport:     self.P = ec.generate_private_key(self.curve, default_backend())
ERR [20180503-05:28:55.808] thr=1   paramiko.transport:   File "/usr/local/lib/python2.7/dist-packages/cryptography/hazmat/backends/__init__.py", line 15, in default_backend
ERR [20180503-05:28:55.809] thr=1   paramiko.transport:     from cryptography.hazmat.backends.openssl.backend import backend
ERR [20180503-05:28:55.809] thr=1   paramiko.transport:   File "/usr/local/lib/python2.7/dist-packages/cryptography/hazmat/backends/openssl/__init__.py", line 7, in <module>
ERR [20180503-05:28:55.809] thr=1   paramiko.transport:     from cryptography.hazmat.backends.openssl.backend import backend
ERR [20180503-05:28:55.809] thr=1   paramiko.transport:   File "/usr/local/lib/python2.7/dist-packages/cryptography/hazmat/backends/openssl/backend.py", line 16, in <module>
ERR [20180503-05:28:55.809] thr=1   paramiko.transport:     from cryptography import utils, x509
ERR [20180503-05:28:55.810] thr=1   paramiko.transport:   File "/usr/local/lib/python2.7/dist-packages/cryptography/x509/__init__.py", line 8, in <module>
ERR [20180503-05:28:55.810] thr=1   paramiko.transport:     from cryptography.x509.base import (
ERR [20180503-05:28:55.810] thr=1   paramiko.transport:   File "/usr/local/lib/python2.7/dist-packages/cryptography/x509/base.py", line 16, in <module>
ERR [20180503-05:28:55.810] thr=1   paramiko.transport:     from cryptography.x509.extensions import Extension, ExtensionType
ERR [20180503-05:28:55.810] thr=1   paramiko.transport:   File "/usr/local/lib/python2.7/dist-packages/cryptography/x509/extensions.py", line 10, in <module>
ERR [20180503-05:28:55.810] thr=1   paramiko.transport:     import ipaddress
ERR [20180503-05:28:55.811] thr=1   paramiko.transport: ImportError: No module named ipaddress
ERR [20180503-05:28:55.811] thr=1   paramiko.transport: 
DEB [20180503-05:32:17.657] thr=1   paramiko.transport: starting thread (client mode): 0xe4246550L
DEB [20180503-05:32:17.658] thr=1   paramiko.transport: Local version/idstring: SSH-2.0-paramiko_2.3.1
DEB [20180503-05:32:17.995] thr=1   paramiko.transport: Remote version/idstring: SSH-2.0-OpenSSH_6.6.1p1 Ubuntu-2ubuntu2.10
INF [20180503-05:32:17.996] thr=1   paramiko.transport: Connected (version 2.0, client OpenSSH_6.6.1p1)
DEB [20180503-05:32:18.329] thr=1   paramiko.transport: kex algos:[u'curve25519-sha256@libssh.org', u'ecdh-sha2-nistp256', u'ecdh-sha2-nistp384', u'ecdh-sha2-nistp521', u'diffie-hellman-group-exchange-sha256', u'diffie-hellman-group-exchange-sha1', u'diffie-hellman-group14-sha1', u'diffie-hellman-group1-sha1'] server key:[u'ssh-rsa', u'ssh-dss'] client encrypt:[u'aes128-ctr', u'aes192-ctr', u'aes256-ctr', u'arcfour256', u'arcfour128', u'aes128-gcm@openssh.com', u'aes256-gcm@openssh.com', u'chacha20-poly1305@openssh.com', u'aes128-cbc', u'3des-cbc', u'blowfish-cbc', u'cast128-cbc', u'aes192-cbc', u'aes256-cbc', u'arcfour', u'rijndael-cbc@lysator.liu.se'] server encrypt:[u'aes128-ctr', u'aes192-ctr', u'aes256-ctr', u'arcfour256', u'arcfour128', u'aes128-gcm@openssh.com', u'aes256-gcm@openssh.com', u'chacha20-poly1305@openssh.com', u'aes128-cbc', u'3des-cbc', u'blowfish-cbc', u'cast128-cbc', u'aes192-cbc', u'aes256-cbc', u'arcfour', u'rijndael-cbc@lysator.liu.se'] client mac:[u'hmac-md5-etm@openssh.com', u'hmac-sha1-etm@openssh.com', u'umac-64-etm@openssh.com', u'umac-128-etm@openssh.com', u'hmac-sha2-256-etm@openssh.com', u'hmac-sha2-512-etm@openssh.com', u'hmac-ripemd160-etm@openssh.com', u'hmac-sha1-96-etm@openssh.com', u'hmac-md5-96-etm@openssh.com', u'hmac-md5', u'hmac-sha1', u'umac-64@openssh.com', u'umac-128@openssh.com', u'hmac-sha2-256', u'hmac-sha2-512', u'hmac-ripemd160', u'hmac-ripemd160@openssh.com', u'hmac-sha1-96', u'hmac-md5-96'] server mac:[u'hmac-md5-etm@openssh.com', u'hmac-sha1-etm@openssh.com', u'umac-64-etm@openssh.com', u'umac-128-etm@openssh.com', u'hmac-sha2-256-etm@openssh.com', u'hmac-sha2-512-etm@openssh.com', u'hmac-ripemd160-etm@openssh.com', u'hmac-sha1-96-etm@openssh.com', u'hmac-md5-96-etm@openssh.com', u'hmac-md5', u'hmac-sha1', u'umac-64@openssh.com', u'umac-128@openssh.com', u'hmac-sha2-256', u'hmac-sha2-512', u'hmac-ripemd160', u'hmac-ripemd160@openssh.com', u'hmac-sha1-96', u'hmac-md5-96'] client compress:[u'none', u'zlib@openssh.com'] server compress:[u'none', u'zlib@openssh.com'] client lang:[u''] server lang:[u''] kex follows?False
DEB [20180503-05:32:18.329] thr=1   paramiko.transport: Kex agreed: ecdh-sha2-nistp256
DEB [20180503-05:32:18.330] thr=1   paramiko.transport: HostKey agreed: ssh-rsa
DEB [20180503-05:32:18.330] thr=1   paramiko.transport: Cipher agreed: aes128-ctr
DEB [20180503-05:32:18.330] thr=1   paramiko.transport: MAC agreed: hmac-sha2-256
DEB [20180503-05:32:18.331] thr=1   paramiko.transport: Compression agreed: none
DEB [20180503-05:32:18.977] thr=1   paramiko.transport: kex engine KexNistp256 specified hash_algo <built-in function openssl_sha256>
DEB [20180503-05:32:18.979] thr=1   paramiko.transport: Switch to new keys ...
DEB [20180503-05:32:18.982] thr=2   paramiko.transport: Adding ssh-rsa host key for 128.104.222.126: 1ff4d618e34d18048919af9053dd900b
DEB [20180503-05:32:18.986] thr=2   paramiko.transport: Trying SSH agent key 89e73dcc46046beeb1f5eec85ce6f46f
DEB [20180503-05:32:19.627] thr=1   paramiko.transport: userauth is OK
INF [20180503-05:32:26.994] thr=1   paramiko.transport: Authentication (publickey) successful!
DEB [20180503-05:32:27.001] thr=2   paramiko.transport: [chan 0] Max packet in: 32768 bytes
DEB [20180503-05:32:27.326] thr=1   paramiko.transport: [chan 0] Max packet out: 32768 bytes
DEB [20180503-05:32:27.327] thr=1   paramiko.transport: Secsh channel 0 opened.
DEB [20180503-05:32:27.662] thr=1   paramiko.transport: [chan 0] Sesch channel 0 request ok
DEB [20180503-05:32:27.665] thr=1   paramiko.transport: [chan 0] EOF received (0)
DEB [20180503-05:32:27.671] thr=1   paramiko.transport: [chan 0] EOF sent (0)
DEB [20180503-05:32:27.672] thr=1   paramiko.transport: Dropping user packet because connection is dead.
DEB [20180503-05:32:27.673] thr=1   paramiko.transport: Dropping user packet because connection is dead.
DEB [20180503-05:32:59.402] thr=1   paramiko.transport: starting thread (client mode): 0x15776550L
DEB [20180503-05:32:59.404] thr=1   paramiko.transport: Local version/idstring: SSH-2.0-paramiko_2.3.1
DEB [20180503-05:32:59.722] thr=1   paramiko.transport: Remote version/idstring: SSH-2.0-OpenSSH_6.6.1p1 Ubuntu-2ubuntu2.10
INF [20180503-05:32:59.723] thr=1   paramiko.transport: Connected (version 2.0, client OpenSSH_6.6.1p1)
DEB [20180503-05:33:00.036] thr=1   paramiko.transport: kex algos:[u'curve25519-sha256@libssh.org', u'ecdh-sha2-nistp256', u'ecdh-sha2-nistp384', u'ecdh-sha2-nistp521', u'diffie-hellman-group-exchange-sha256', u'diffie-hellman-group-exchange-sha1', u'diffie-hellman-group14-sha1', u'diffie-hellman-group1-sha1'] server key:[u'ssh-rsa', u'ssh-dss'] client encrypt:[u'aes128-ctr', u'aes192-ctr', u'aes256-ctr', u'arcfour256', u'arcfour128', u'aes128-gcm@openssh.com', u'aes256-gcm@openssh.com', u'chacha20-poly1305@openssh.com', u'aes128-cbc', u'3des-cbc', u'blowfish-cbc', u'cast128-cbc', u'aes192-cbc', u'aes256-cbc', u'arcfour', u'rijndael-cbc@lysator.liu.se'] server encrypt:[u'aes128-ctr', u'aes192-ctr', u'aes256-ctr', u'arcfour256', u'arcfour128', u'aes128-gcm@openssh.com', u'aes256-gcm@openssh.com', u'chacha20-poly1305@openssh.com', u'aes128-cbc', u'3des-cbc', u'blowfish-cbc', u'cast128-cbc', u'aes192-cbc', u'aes256-cbc', u'arcfour', u'rijndael-cbc@lysator.liu.se'] client mac:[u'hmac-md5-etm@openssh.com', u'hmac-sha1-etm@openssh.com', u'umac-64-etm@openssh.com', u'umac-128-etm@openssh.com', u'hmac-sha2-256-etm@openssh.com', u'hmac-sha2-512-etm@openssh.com', u'hmac-ripemd160-etm@openssh.com', u'hmac-sha1-96-etm@openssh.com', u'hmac-md5-96-etm@openssh.com', u'hmac-md5', u'hmac-sha1', u'umac-64@openssh.com', u'umac-128@openssh.com', u'hmac-sha2-256', u'hmac-sha2-512', u'hmac-ripemd160', u'hmac-ripemd160@openssh.com', u'hmac-sha1-96', u'hmac-md5-96'] server mac:[u'hmac-md5-etm@openssh.com', u'hmac-sha1-etm@openssh.com', u'umac-64-etm@openssh.com', u'umac-128-etm@openssh.com', u'hmac-sha2-256-etm@openssh.com', u'hmac-sha2-512-etm@openssh.com', u'hmac-ripemd160-etm@openssh.com', u'hmac-sha1-96-etm@openssh.com', u'hmac-md5-96-etm@openssh.com', u'hmac-md5', u'hmac-sha1', u'umac-64@openssh.com', u'umac-128@openssh.com', u'hmac-sha2-256', u'hmac-sha2-512', u'hmac-ripemd160', u'hmac-ripemd160@openssh.com', u'hmac-sha1-96', u'hmac-md5-96'] client compress:[u'none', u'zlib@openssh.com'] server compress:[u'none', u'zlib@openssh.com'] client lang:[u''] server lang:[u''] kex follows?False
DEB [20180503-05:33:00.037] thr=1   paramiko.transport: Kex agreed: ecdh-sha2-nistp256
DEB [20180503-05:33:00.037] thr=1   paramiko.transport: HostKey agreed: ssh-rsa
DEB [20180503-05:33:00.037] thr=1   paramiko.transport: Cipher agreed: aes128-ctr
DEB [20180503-05:33:00.038] thr=1   paramiko.transport: MAC agreed: hmac-sha2-256
DEB [20180503-05:33:00.038] thr=1   paramiko.transport: Compression agreed: none
DEB [20180503-05:33:00.434] thr=1   paramiko.transport: kex engine KexNistp256 specified hash_algo <built-in function openssl_sha256>
DEB [20180503-05:33:00.435] thr=1   paramiko.transport: Switch to new keys ...
DEB [20180503-05:33:00.448] thr=2   paramiko.transport: Adding ssh-rsa host key for 128.104.222.126: 1ff4d618e34d18048919af9053dd900b
DEB [20180503-05:33:00.451] thr=2   paramiko.transport: Trying SSH agent key 89e73dcc46046beeb1f5eec85ce6f46f
DEB [20180503-05:33:01.435] thr=1   paramiko.transport: userauth is OK
INF [20180503-05:33:08.556] thr=1   paramiko.transport: Authentication (publickey) successful!
DEB [20180503-05:33:08.564] thr=2   paramiko.transport: [chan 0] Max packet in: 32768 bytes
DEB [20180503-05:33:08.865] thr=1   paramiko.transport: [chan 0] Max packet out: 32768 bytes
DEB [20180503-05:33:08.866] thr=1   paramiko.transport: Secsh channel 0 opened.
DEB [20180503-05:33:09.179] thr=1   paramiko.transport: [chan 0] Sesch channel 0 request ok
DEB [20180503-05:33:09.221] thr=1   paramiko.transport: [chan 0] EOF received (0)
DEB [20180503-05:36:29.077] thr=1   paramiko.transport: starting thread (client mode): 0xe9c6b550L
DEB [20180503-05:36:29.078] thr=1   paramiko.transport: Local version/idstring: SSH-2.0-paramiko_2.3.1
DEB [20180503-05:36:29.391] thr=1   paramiko.transport: Remote version/idstring: SSH-2.0-OpenSSH_6.6.1p1 Ubuntu-2ubuntu2.10
INF [20180503-05:36:29.392] thr=1   paramiko.transport: Connected (version 2.0, client OpenSSH_6.6.1p1)
DEB [20180503-05:36:29.712] thr=1   paramiko.transport: kex algos:[u'curve25519-sha256@libssh.org', u'ecdh-sha2-nistp256', u'ecdh-sha2-nistp384', u'ecdh-sha2-nistp521', u'diffie-hellman-group-exchange-sha256', u'diffie-hellman-group-exchange-sha1', u'diffie-hellman-group14-sha1', u'diffie-hellman-group1-sha1'] server key:[u'ssh-rsa', u'ssh-dss'] client encrypt:[u'aes128-ctr', u'aes192-ctr', u'aes256-ctr', u'arcfour256', u'arcfour128', u'aes128-gcm@openssh.com', u'aes256-gcm@openssh.com', u'chacha20-poly1305@openssh.com', u'aes128-cbc', u'3des-cbc', u'blowfish-cbc', u'cast128-cbc', u'aes192-cbc', u'aes256-cbc', u'arcfour', u'rijndael-cbc@lysator.liu.se'] server encrypt:[u'aes128-ctr', u'aes192-ctr', u'aes256-ctr', u'arcfour256', u'arcfour128', u'aes128-gcm@openssh.com', u'aes256-gcm@openssh.com', u'chacha20-poly1305@openssh.com', u'aes128-cbc', u'3des-cbc', u'blowfish-cbc', u'cast128-cbc', u'aes192-cbc', u'aes256-cbc', u'arcfour', u'rijndael-cbc@lysator.liu.se'] client mac:[u'hmac-md5-etm@openssh.com', u'hmac-sha1-etm@openssh.com', u'umac-64-etm@openssh.com', u'umac-128-etm@openssh.com', u'hmac-sha2-256-etm@openssh.com', u'hmac-sha2-512-etm@openssh.com', u'hmac-ripemd160-etm@openssh.com', u'hmac-sha1-96-etm@openssh.com', u'hmac-md5-96-etm@openssh.com', u'hmac-md5', u'hmac-sha1', u'umac-64@openssh.com', u'umac-128@openssh.com', u'hmac-sha2-256', u'hmac-sha2-512', u'hmac-ripemd160', u'hmac-ripemd160@openssh.com', u'hmac-sha1-96', u'hmac-md5-96'] server mac:[u'hmac-md5-etm@openssh.com', u'hmac-sha1-etm@openssh.com', u'umac-64-etm@openssh.com', u'umac-128-etm@openssh.com', u'hmac-sha2-256-etm@openssh.com', u'hmac-sha2-512-etm@openssh.com', u'hmac-ripemd160-etm@openssh.com', u'hmac-sha1-96-etm@openssh.com', u'hmac-md5-96-etm@openssh.com', u'hmac-md5', u'hmac-sha1', u'umac-64@openssh.com', u'umac-128@openssh.com', u'hmac-sha2-256', u'hmac-sha2-512', u'hmac-ripemd160', u'hmac-ripemd160@openssh.com', u'hmac-sha1-96', u'hmac-md5-96'] client compress:[u'none', u'zlib@openssh.com'] server compress:[u'none', u'zlib@openssh.com'] client lang:[u''] server lang:[u''] kex follows?False
DEB [20180503-05:36:29.713] thr=1   paramiko.transport: Kex agreed: ecdh-sha2-nistp256
DEB [20180503-05:36:29.713] thr=1   paramiko.transport: HostKey agreed: ssh-rsa
DEB [20180503-05:36:29.713] thr=1   paramiko.transport: Cipher agreed: aes128-ctr
DEB [20180503-05:36:29.713] thr=1   paramiko.transport: MAC agreed: hmac-sha2-256
DEB [20180503-05:36:29.713] thr=1   paramiko.transport: Compression agreed: none
DEB [20180503-05:36:30.073] thr=1   paramiko.transport: kex engine KexNistp256 specified hash_algo <built-in function openssl_sha256>
DEB [20180503-05:36:30.074] thr=1   paramiko.transport: Switch to new keys ...
DEB [20180503-05:36:30.086] thr=2   paramiko.transport: Adding ssh-rsa host key for 128.104.222.126: 1ff4d618e34d18048919af9053dd900b
DEB [20180503-05:36:30.088] thr=2   paramiko.transport: Trying SSH agent key 89e73dcc46046beeb1f5eec85ce6f46f
DEB [20180503-05:36:31.431] thr=1   paramiko.transport: userauth is OK
INF [20180503-05:36:38.673] thr=1   paramiko.transport: Authentication (publickey) successful!
DEB [20180503-05:36:38.673] thr=2   paramiko.transport: [chan 0] Max packet in: 32768 bytes
DEB [20180503-05:36:39.016] thr=1   paramiko.transport: [chan 0] Max packet out: 32768 bytes
DEB [20180503-05:36:39.016] thr=1   paramiko.transport: Secsh channel 0 opened.
DEB [20180503-05:36:39.384] thr=1   paramiko.transport: [chan 0] Sesch channel 0 request ok
DEB [20180503-05:36:40.746] thr=1   paramiko.transport: [chan 0] EOF received (0)
DEB [20180503-05:49:39.466] thr=1   paramiko.transport: starting thread (client mode): 0xd53126d0L
DEB [20180503-05:49:39.467] thr=1   paramiko.transport: Local version/idstring: SSH-2.0-paramiko_2.3.1
DEB [20180503-05:49:39.789] thr=1   paramiko.transport: Remote version/idstring: SSH-2.0-OpenSSH_6.6.1p1 Ubuntu-2ubuntu2.10
INF [20180503-05:49:39.791] thr=1   paramiko.transport: Connected (version 2.0, client OpenSSH_6.6.1p1)
DEB [20180503-05:49:40.085] thr=1   paramiko.transport: kex algos:[u'curve25519-sha256@libssh.org', u'ecdh-sha2-nistp256', u'ecdh-sha2-nistp384', u'ecdh-sha2-nistp521', u'diffie-hellman-group-exchange-sha256', u'diffie-hellman-group-exchange-sha1', u'diffie-hellman-group14-sha1', u'diffie-hellman-group1-sha1'] server key:[u'ssh-rsa', u'ssh-dss'] client encrypt:[u'aes128-ctr', u'aes192-ctr', u'aes256-ctr', u'arcfour256', u'arcfour128', u'aes128-gcm@openssh.com', u'aes256-gcm@openssh.com', u'chacha20-poly1305@openssh.com', u'aes128-cbc', u'3des-cbc', u'blowfish-cbc', u'cast128-cbc', u'aes192-cbc', u'aes256-cbc', u'arcfour', u'rijndael-cbc@lysator.liu.se'] server encrypt:[u'aes128-ctr', u'aes192-ctr', u'aes256-ctr', u'arcfour256', u'arcfour128', u'aes128-gcm@openssh.com', u'aes256-gcm@openssh.com', u'chacha20-poly1305@openssh.com', u'aes128-cbc', u'3des-cbc', u'blowfish-cbc', u'cast128-cbc', u'aes192-cbc', u'aes256-cbc', u'arcfour', u'rijndael-cbc@lysator.liu.se'] client mac:[u'hmac-md5-etm@openssh.com', u'hmac-sha1-etm@openssh.com', u'umac-64-etm@openssh.com', u'umac-128-etm@openssh.com', u'hmac-sha2-256-etm@openssh.com', u'hmac-sha2-512-etm@openssh.com', u'hmac-ripemd160-etm@openssh.com', u'hmac-sha1-96-etm@openssh.com', u'hmac-md5-96-etm@openssh.com', u'hmac-md5', u'hmac-sha1', u'umac-64@openssh.com', u'umac-128@openssh.com', u'hmac-sha2-256', u'hmac-sha2-512', u'hmac-ripemd160', u'hmac-ripemd160@openssh.com', u'hmac-sha1-96', u'hmac-md5-96'] server mac:[u'hmac-md5-etm@openssh.com', u'hmac-sha1-etm@openssh.com', u'umac-64-etm@openssh.com', u'umac-128-etm@openssh.com', u'hmac-sha2-256-etm@openssh.com', u'hmac-sha2-512-etm@openssh.com', u'hmac-ripemd160-etm@openssh.com', u'hmac-sha1-96-etm@openssh.com', u'hmac-md5-96-etm@openssh.com', u'hmac-md5', u'hmac-sha1', u'umac-64@openssh.com', u'umac-128@openssh.com', u'hmac-sha2-256', u'hmac-sha2-512', u'hmac-ripemd160', u'hmac-ripemd160@openssh.com', u'hmac-sha1-96', u'hmac-md5-96'] client compress:[u'none', u'zlib@openssh.com'] server compress:[u'none', u'zlib@openssh.com'] client lang:[u''] server lang:[u''] kex follows?False
DEB [20180503-05:49:40.086] thr=1   paramiko.transport: Kex agreed: ecdh-sha2-nistp256
DEB [20180503-05:49:40.086] thr=1   paramiko.transport: HostKey agreed: ssh-rsa
DEB [20180503-05:49:40.087] thr=1   paramiko.transport: Cipher agreed: aes128-ctr
DEB [20180503-05:49:40.087] thr=1   paramiko.transport: MAC agreed: hmac-sha2-256
DEB [20180503-05:49:40.087] thr=1   paramiko.transport: Compression agreed: none
DEB [20180503-05:49:40.460] thr=1   paramiko.transport: kex engine KexNistp256 specified hash_algo <built-in function openssl_sha256>
DEB [20180503-05:49:40.462] thr=1   paramiko.transport: Switch to new keys ...
DEB [20180503-05:49:40.478] thr=2   paramiko.transport: Adding ssh-rsa host key for 128.104.222.126: 1ff4d618e34d18048919af9053dd900b
DEB [20180503-05:49:40.482] thr=2   paramiko.transport: Trying SSH agent key 89e73dcc46046beeb1f5eec85ce6f46f
DEB [20180503-05:49:41.115] thr=1   paramiko.transport: userauth is OK
INF [20180503-05:49:48.339] thr=1   paramiko.transport: Authentication (publickey) successful!
DEB [20180503-05:49:48.346] thr=2   paramiko.transport: [chan 0] Max packet in: 32768 bytes
DEB [20180503-05:49:48.658] thr=1   paramiko.transport: [chan 0] Max packet out: 32768 bytes
DEB [20180503-05:49:48.659] thr=1   paramiko.transport: Secsh channel 0 opened.
DEB [20180503-05:49:48.973] thr=1   paramiko.transport: [chan 0] Sesch channel 0 request ok
DEB [20180503-05:49:48.977] thr=1   paramiko.transport: [chan 0] EOF received (0)
DEB [20180503-05:49:48.977] thr=1   paramiko.transport: [chan 0] EOF sent (0)
DEB [20180503-05:49:49.079] thr=1   paramiko.transport: EOF in transport thread
DEB [20180503-05:49:49.416] thr=3   paramiko.transport: starting thread (client mode): 0xd5312910L
DEB [20180503-05:49:49.417] thr=3   paramiko.transport: Local version/idstring: SSH-2.0-paramiko_2.3.1
DEB [20180503-05:49:49.731] thr=3   paramiko.transport: Remote version/idstring: SSH-2.0-OpenSSH_6.6.1p1 Ubuntu-2ubuntu2.10
INF [20180503-05:49:49.733] thr=3   paramiko.transport: Connected (version 2.0, client OpenSSH_6.6.1p1)
DEB [20180503-05:49:50.017] thr=3   paramiko.transport: kex algos:[u'curve25519-sha256@libssh.org', u'ecdh-sha2-nistp256', u'ecdh-sha2-nistp384', u'ecdh-sha2-nistp521', u'diffie-hellman-group-exchange-sha256', u'diffie-hellman-group-exchange-sha1', u'diffie-hellman-group14-sha1', u'diffie-hellman-group1-sha1'] server key:[u'ssh-rsa', u'ssh-dss'] client encrypt:[u'aes128-ctr', u'aes192-ctr', u'aes256-ctr', u'arcfour256', u'arcfour128', u'aes128-gcm@openssh.com', u'aes256-gcm@openssh.com', u'chacha20-poly1305@openssh.com', u'aes128-cbc', u'3des-cbc', u'blowfish-cbc', u'cast128-cbc', u'aes192-cbc', u'aes256-cbc', u'arcfour', u'rijndael-cbc@lysator.liu.se'] server encrypt:[u'aes128-ctr', u'aes192-ctr', u'aes256-ctr', u'arcfour256', u'arcfour128', u'aes128-gcm@openssh.com', u'aes256-gcm@openssh.com', u'chacha20-poly1305@openssh.com', u'aes128-cbc', u'3des-cbc', u'blowfish-cbc', u'cast128-cbc', u'aes192-cbc', u'aes256-cbc', u'arcfour', u'rijndael-cbc@lysator.liu.se'] client mac:[u'hmac-md5-etm@openssh.com', u'hmac-sha1-etm@openssh.com', u'umac-64-etm@openssh.com', u'umac-128-etm@openssh.com', u'hmac-sha2-256-etm@openssh.com', u'hmac-sha2-512-etm@openssh.com', u'hmac-ripemd160-etm@openssh.com', u'hmac-sha1-96-etm@openssh.com', u'hmac-md5-96-etm@openssh.com', u'hmac-md5', u'hmac-sha1', u'umac-64@openssh.com', u'umac-128@openssh.com', u'hmac-sha2-256', u'hmac-sha2-512', u'hmac-ripemd160', u'hmac-ripemd160@openssh.com', u'hmac-sha1-96', u'hmac-md5-96'] server mac:[u'hmac-md5-etm@openssh.com', u'hmac-sha1-etm@openssh.com', u'umac-64-etm@openssh.com', u'umac-128-etm@openssh.com', u'hmac-sha2-256-etm@openssh.com', u'hmac-sha2-512-etm@openssh.com', u'hmac-ripemd160-etm@openssh.com', u'hmac-sha1-96-etm@openssh.com', u'hmac-md5-96-etm@openssh.com', u'hmac-md5', u'hmac-sha1', u'umac-64@openssh.com', u'umac-128@openssh.com', u'hmac-sha2-256', u'hmac-sha2-512', u'hmac-ripemd160', u'hmac-ripemd160@openssh.com', u'hmac-sha1-96', u'hmac-md5-96'] client compress:[u'none', u'zlib@openssh.com'] server compress:[u'none', u'zlib@openssh.com'] client lang:[u''] server lang:[u''] kex follows?False
DEB [20180503-05:49:50.017] thr=3   paramiko.transport: Kex agreed: ecdh-sha2-nistp256
DEB [20180503-05:49:50.017] thr=3   paramiko.transport: HostKey agreed: ssh-rsa
DEB [20180503-05:49:50.018] thr=3   paramiko.transport: Cipher agreed: aes128-ctr
DEB [20180503-05:49:50.018] thr=3   paramiko.transport: MAC agreed: hmac-sha2-256
DEB [20180503-05:49:50.018] thr=3   paramiko.transport: Compression agreed: none
DEB [20180503-05:49:50.364] thr=3   paramiko.transport: kex engine KexNistp256 specified hash_algo <built-in function openssl_sha256>
DEB [20180503-05:49:50.366] thr=3   paramiko.transport: Switch to new keys ...
DEB [20180503-05:49:50.391] thr=2   paramiko.transport: Adding ssh-rsa host key for 128.104.222.126: 1ff4d618e34d18048919af9053dd900b
DEB [20180503-05:49:50.394] thr=2   paramiko.transport: Trying SSH agent key 89e73dcc46046beeb1f5eec85ce6f46f
DEB [20180503-05:49:51.020] thr=3   paramiko.transport: userauth is OK
INF [20180503-05:49:58.136] thr=3   paramiko.transport: Authentication (publickey) successful!
DEB [20180503-05:49:58.167] thr=2   paramiko.transport: [chan 0] Max packet in: 32768 bytes
DEB [20180503-05:49:58.485] thr=3   paramiko.transport: [chan 0] Max packet out: 32768 bytes
DEB [20180503-05:49:58.486] thr=3   paramiko.transport: Secsh channel 0 opened.
DEB [20180503-05:49:58.809] thr=3   paramiko.transport: [chan 0] Sesch channel 0 request ok
DEB [20180503-05:49:58.813] thr=3   paramiko.transport: [chan 0] EOF received (0)
DEB [20180503-05:49:58.815] thr=3   paramiko.transport: [chan 0] EOF sent (0)
DEB [20180503-05:49:58.917] thr=3   paramiko.transport: EOF in transport thread
DEB [20180503-05:49:59.228] thr=4   paramiko.transport: starting thread (client mode): 0xcf9ffd90L
DEB [20180503-05:49:59.232] thr=4   paramiko.transport: Local version/idstring: SSH-2.0-paramiko_2.3.1
DEB [20180503-05:49:59.522] thr=4   paramiko.transport: Remote version/idstring: SSH-2.0-OpenSSH_6.6.1p1 Ubuntu-2ubuntu2.10
INF [20180503-05:49:59.524] thr=4   paramiko.transport: Connected (version 2.0, client OpenSSH_6.6.1p1)
DEB [20180503-05:49:59.820] thr=4   paramiko.transport: kex algos:[u'curve25519-sha256@libssh.org', u'ecdh-sha2-nistp256', u'ecdh-sha2-nistp384', u'ecdh-sha2-nistp521', u'diffie-hellman-group-exchange-sha256', u'diffie-hellman-group-exchange-sha1', u'diffie-hellman-group14-sha1', u'diffie-hellman-group1-sha1'] server key:[u'ssh-rsa', u'ssh-dss'] client encrypt:[u'aes128-ctr', u'aes192-ctr', u'aes256-ctr', u'arcfour256', u'arcfour128', u'aes128-gcm@openssh.com', u'aes256-gcm@openssh.com', u'chacha20-poly1305@openssh.com', u'aes128-cbc', u'3des-cbc', u'blowfish-cbc', u'cast128-cbc', u'aes192-cbc', u'aes256-cbc', u'arcfour', u'rijndael-cbc@lysator.liu.se'] server encrypt:[u'aes128-ctr', u'aes192-ctr', u'aes256-ctr', u'arcfour256', u'arcfour128', u'aes128-gcm@openssh.com', u'aes256-gcm@openssh.com', u'chacha20-poly1305@openssh.com', u'aes128-cbc', u'3des-cbc', u'blowfish-cbc', u'cast128-cbc', u'aes192-cbc', u'aes256-cbc', u'arcfour', u'rijndael-cbc@lysator.liu.se'] client mac:[u'hmac-md5-etm@openssh.com', u'hmac-sha1-etm@openssh.com', u'umac-64-etm@openssh.com', u'umac-128-etm@openssh.com', u'hmac-sha2-256-etm@openssh.com', u'hmac-sha2-512-etm@openssh.com', u'hmac-ripemd160-etm@openssh.com', u'hmac-sha1-96-etm@openssh.com', u'hmac-md5-96-etm@openssh.com', u'hmac-md5', u'hmac-sha1', u'umac-64@openssh.com', u'umac-128@openssh.com', u'hmac-sha2-256', u'hmac-sha2-512', u'hmac-ripemd160', u'hmac-ripemd160@openssh.com', u'hmac-sha1-96', u'hmac-md5-96'] server mac:[u'hmac-md5-etm@openssh.com', u'hmac-sha1-etm@openssh.com', u'umac-64-etm@openssh.com', u'umac-128-etm@openssh.com', u'hmac-sha2-256-etm@openssh.com', u'hmac-sha2-512-etm@openssh.com', u'hmac-ripemd160-etm@openssh.com', u'hmac-sha1-96-etm@openssh.com', u'hmac-md5-96-etm@openssh.com', u'hmac-md5', u'hmac-sha1', u'umac-64@openssh.com', u'umac-128@openssh.com', u'hmac-sha2-256', u'hmac-sha2-512', u'hmac-ripemd160', u'hmac-ripemd160@openssh.com', u'hmac-sha1-96', u'hmac-md5-96'] client compress:[u'none', u'zlib@openssh.com'] server compress:[u'none', u'zlib@openssh.com'] client lang:[u''] server lang:[u''] kex follows?False
DEB [20180503-05:49:59.820] thr=4   paramiko.transport: Kex agreed: ecdh-sha2-nistp256
DEB [20180503-05:49:59.820] thr=4   paramiko.transport: HostKey agreed: ssh-rsa
DEB [20180503-05:49:59.820] thr=4   paramiko.transport: Cipher agreed: aes128-ctr
DEB [20180503-05:49:59.820] thr=4   paramiko.transport: MAC agreed: hmac-sha2-256
DEB [20180503-05:49:59.820] thr=4   paramiko.transport: Compression agreed: none
DEB [20180503-05:50:00.163] thr=4   paramiko.transport: kex engine KexNistp256 specified hash_algo <built-in function openssl_sha256>
DEB [20180503-05:50:00.164] thr=4   paramiko.transport: Switch to new keys ...
DEB [20180503-05:50:00.179] thr=2   paramiko.transport: Adding ssh-rsa host key for 128.104.222.126: 1ff4d618e34d18048919af9053dd900b
DEB [20180503-05:50:00.182] thr=2   paramiko.transport: Trying SSH agent key 89e73dcc46046beeb1f5eec85ce6f46f
DEB [20180503-05:50:01.462] thr=4   paramiko.transport: userauth is OK
INF [20180503-05:50:08.455] thr=4   paramiko.transport: Authentication (publickey) successful!
DEB [20180503-05:50:08.456] thr=2   paramiko.transport: [chan 0] Max packet in: 32768 bytes
DEB [20180503-05:50:08.764] thr=4   paramiko.transport: [chan 0] Max packet out: 32768 bytes
DEB [20180503-05:50:08.765] thr=4   paramiko.transport: Secsh channel 0 opened.
DEB [20180503-05:50:09.080] thr=4   paramiko.transport: [chan 0] Sesch channel 0 request ok
DEB [20180503-05:50:09.471] thr=4   paramiko.transport: [chan 0] EOF received (0)
DEB [20180503-05:54:40.957] thr=1   paramiko.transport: starting thread (client mode): 0x68653690L
DEB [20180503-05:54:40.957] thr=1   paramiko.transport: Local version/idstring: SSH-2.0-paramiko_2.3.1
DEB [20180503-05:54:41.261] thr=1   paramiko.transport: Remote version/idstring: SSH-2.0-OpenSSH_6.6.1p1 Ubuntu-2ubuntu2.10
INF [20180503-05:54:41.263] thr=1   paramiko.transport: Connected (version 2.0, client OpenSSH_6.6.1p1)
DEB [20180503-05:54:41.556] thr=1   paramiko.transport: kex algos:[u'curve25519-sha256@libssh.org', u'ecdh-sha2-nistp256', u'ecdh-sha2-nistp384', u'ecdh-sha2-nistp521', u'diffie-hellman-group-exchange-sha256', u'diffie-hellman-group-exchange-sha1', u'diffie-hellman-group14-sha1', u'diffie-hellman-group1-sha1'] server key:[u'ssh-rsa', u'ssh-dss'] client encrypt:[u'aes128-ctr', u'aes192-ctr', u'aes256-ctr', u'arcfour256', u'arcfour128', u'aes128-gcm@openssh.com', u'aes256-gcm@openssh.com', u'chacha20-poly1305@openssh.com', u'aes128-cbc', u'3des-cbc', u'blowfish-cbc', u'cast128-cbc', u'aes192-cbc', u'aes256-cbc', u'arcfour', u'rijndael-cbc@lysator.liu.se'] server encrypt:[u'aes128-ctr', u'aes192-ctr', u'aes256-ctr', u'arcfour256', u'arcfour128', u'aes128-gcm@openssh.com', u'aes256-gcm@openssh.com', u'chacha20-poly1305@openssh.com', u'aes128-cbc', u'3des-cbc', u'blowfish-cbc', u'cast128-cbc', u'aes192-cbc', u'aes256-cbc', u'arcfour', u'rijndael-cbc@lysator.liu.se'] client mac:[u'hmac-md5-etm@openssh.com', u'hmac-sha1-etm@openssh.com', u'umac-64-etm@openssh.com', u'umac-128-etm@openssh.com', u'hmac-sha2-256-etm@openssh.com', u'hmac-sha2-512-etm@openssh.com', u'hmac-ripemd160-etm@openssh.com', u'hmac-sha1-96-etm@openssh.com', u'hmac-md5-96-etm@openssh.com', u'hmac-md5', u'hmac-sha1', u'umac-64@openssh.com', u'umac-128@openssh.com', u'hmac-sha2-256', u'hmac-sha2-512', u'hmac-ripemd160', u'hmac-ripemd160@openssh.com', u'hmac-sha1-96', u'hmac-md5-96'] server mac:[u'hmac-md5-etm@openssh.com', u'hmac-sha1-etm@openssh.com', u'umac-64-etm@openssh.com', u'umac-128-etm@openssh.com', u'hmac-sha2-256-etm@openssh.com', u'hmac-sha2-512-etm@openssh.com', u'hmac-ripemd160-etm@openssh.com', u'hmac-sha1-96-etm@openssh.com', u'hmac-md5-96-etm@openssh.com', u'hmac-md5', u'hmac-sha1', u'umac-64@openssh.com', u'umac-128@openssh.com', u'hmac-sha2-256', u'hmac-sha2-512', u'hmac-ripemd160', u'hmac-ripemd160@openssh.com', u'hmac-sha1-96', u'hmac-md5-96'] client compress:[u'none', u'zlib@openssh.com'] server compress:[u'none', u'zlib@openssh.com'] client lang:[u''] server lang:[u''] kex follows?False
DEB [20180503-05:54:41.557] thr=1   paramiko.transport: Kex agreed: ecdh-sha2-nistp256
DEB [20180503-05:54:41.557] thr=1   paramiko.transport: HostKey agreed: ssh-rsa
DEB [20180503-05:54:41.558] thr=1   paramiko.transport: Cipher agreed: aes128-ctr
DEB [20180503-05:54:41.558] thr=1   paramiko.transport: MAC agreed: hmac-sha2-256
DEB [20180503-05:54:41.559] thr=1   paramiko.transport: Compression agreed: none
DEB [20180503-05:54:41.930] thr=1   paramiko.transport: kex engine KexNistp256 specified hash_algo <built-in function openssl_sha256>
DEB [20180503-05:54:41.932] thr=1   paramiko.transport: Switch to new keys ...
DEB [20180503-05:54:41.967] thr=2   paramiko.transport: Adding ssh-rsa host key for 128.104.222.126: 1ff4d618e34d18048919af9053dd900b
DEB [20180503-05:54:41.971] thr=2   paramiko.transport: Trying SSH agent key 89e73dcc46046beeb1f5eec85ce6f46f
DEB [20180503-05:54:42.576] thr=1   paramiko.transport: userauth is OK
INF [20180503-05:54:49.723] thr=1   paramiko.transport: Authentication (publickey) successful!
DEB [20180503-05:54:49.746] thr=2   paramiko.transport: [chan 0] Max packet in: 32768 bytes
DEB [20180503-05:54:50.031] thr=1   paramiko.transport: [chan 0] Max packet out: 32768 bytes
DEB [20180503-05:54:50.033] thr=1   paramiko.transport: Secsh channel 0 opened.
DEB [20180503-05:54:50.343] thr=1   paramiko.transport: [chan 0] Sesch channel 0 request ok
DEB [20180503-05:54:50.344] thr=1   paramiko.transport: [chan 0] EOF received (0)
DEB [20180503-05:54:50.347] thr=1   paramiko.transport: [chan 0] EOF sent (0)
DEB [20180503-05:54:50.347] thr=1   paramiko.transport: Dropping user packet because connection is dead.
DEB [20180503-05:54:50.348] thr=1   paramiko.transport: Dropping user packet because connection is dead.
DEB [20180503-05:54:50.658] thr=3   paramiko.transport: starting thread (client mode): 0x686538d0L
DEB [20180503-05:54:50.658] thr=3   paramiko.transport: Local version/idstring: SSH-2.0-paramiko_2.3.1
DEB [20180503-05:54:50.972] thr=3   paramiko.transport: Remote version/idstring: SSH-2.0-OpenSSH_6.6.1p1 Ubuntu-2ubuntu2.10
INF [20180503-05:54:50.973] thr=3   paramiko.transport: Connected (version 2.0, client OpenSSH_6.6.1p1)
DEB [20180503-05:54:51.282] thr=3   paramiko.transport: kex algos:[u'curve25519-sha256@libssh.org', u'ecdh-sha2-nistp256', u'ecdh-sha2-nistp384', u'ecdh-sha2-nistp521', u'diffie-hellman-group-exchange-sha256', u'diffie-hellman-group-exchange-sha1', u'diffie-hellman-group14-sha1', u'diffie-hellman-group1-sha1'] server key:[u'ssh-rsa', u'ssh-dss'] client encrypt:[u'aes128-ctr', u'aes192-ctr', u'aes256-ctr', u'arcfour256', u'arcfour128', u'aes128-gcm@openssh.com', u'aes256-gcm@openssh.com', u'chacha20-poly1305@openssh.com', u'aes128-cbc', u'3des-cbc', u'blowfish-cbc', u'cast128-cbc', u'aes192-cbc', u'aes256-cbc', u'arcfour', u'rijndael-cbc@lysator.liu.se'] server encrypt:[u'aes128-ctr', u'aes192-ctr', u'aes256-ctr', u'arcfour256', u'arcfour128', u'aes128-gcm@openssh.com', u'aes256-gcm@openssh.com', u'chacha20-poly1305@openssh.com', u'aes128-cbc', u'3des-cbc', u'blowfish-cbc', u'cast128-cbc', u'aes192-cbc', u'aes256-cbc', u'arcfour', u'rijndael-cbc@lysator.liu.se'] client mac:[u'hmac-md5-etm@openssh.com', u'hmac-sha1-etm@openssh.com', u'umac-64-etm@openssh.com', u'umac-128-etm@openssh.com', u'hmac-sha2-256-etm@openssh.com', u'hmac-sha2-512-etm@openssh.com', u'hmac-ripemd160-etm@openssh.com', u'hmac-sha1-96-etm@openssh.com', u'hmac-md5-96-etm@openssh.com', u'hmac-md5', u'hmac-sha1', u'umac-64@openssh.com', u'umac-128@openssh.com', u'hmac-sha2-256', u'hmac-sha2-512', u'hmac-ripemd160', u'hmac-ripemd160@openssh.com', u'hmac-sha1-96', u'hmac-md5-96'] server mac:[u'hmac-md5-etm@openssh.com', u'hmac-sha1-etm@openssh.com', u'umac-64-etm@openssh.com', u'umac-128-etm@openssh.com', u'hmac-sha2-256-etm@openssh.com', u'hmac-sha2-512-etm@openssh.com', u'hmac-ripemd160-etm@openssh.com', u'hmac-sha1-96-etm@openssh.com', u'hmac-md5-96-etm@openssh.com', u'hmac-md5', u'hmac-sha1', u'umac-64@openssh.com', u'umac-128@openssh.com', u'hmac-sha2-256', u'hmac-sha2-512', u'hmac-ripemd160', u'hmac-ripemd160@openssh.com', u'hmac-sha1-96', u'hmac-md5-96'] client compress:[u'none', u'zlib@openssh.com'] server compress:[u'none', u'zlib@openssh.com'] client lang:[u''] server lang:[u''] kex follows?False
DEB [20180503-05:54:51.283] thr=3   paramiko.transport: Kex agreed: ecdh-sha2-nistp256
DEB [20180503-05:54:51.283] thr=3   paramiko.transport: HostKey agreed: ssh-rsa
DEB [20180503-05:54:51.283] thr=3   paramiko.transport: Cipher agreed: aes128-ctr
DEB [20180503-05:54:51.284] thr=3   paramiko.transport: MAC agreed: hmac-sha2-256
DEB [20180503-05:54:51.284] thr=3   paramiko.transport: Compression agreed: none
DEB [20180503-05:54:51.602] thr=3   paramiko.transport: kex engine KexNistp256 specified hash_algo <built-in function openssl_sha256>
DEB [20180503-05:54:51.604] thr=3   paramiko.transport: Switch to new keys ...
DEB [20180503-05:54:51.635] thr=2   paramiko.transport: Adding ssh-rsa host key for 128.104.222.126: 1ff4d618e34d18048919af9053dd900b
DEB [20180503-05:54:51.639] thr=2   paramiko.transport: Trying SSH agent key 89e73dcc46046beeb1f5eec85ce6f46f
DEB [20180503-05:54:52.198] thr=3   paramiko.transport: userauth is OK
INF [20180503-05:54:59.263] thr=3   paramiko.transport: Authentication (publickey) successful!
DEB [20180503-05:54:59.277] thr=2   paramiko.transport: [chan 0] Max packet in: 32768 bytes
DEB [20180503-05:54:59.584] thr=3   paramiko.transport: [chan 0] Max packet out: 32768 bytes
DEB [20180503-05:54:59.585] thr=3   paramiko.transport: Secsh channel 0 opened.
DEB [20180503-05:54:59.893] thr=3   paramiko.transport: [chan 0] Sesch channel 0 request ok
DEB [20180503-05:54:59.894] thr=3   paramiko.transport: [chan 0] EOF received (0)
DEB [20180503-05:54:59.895] thr=3   paramiko.transport: [chan 0] EOF sent (0)
DEB [20180503-05:54:59.996] thr=3   paramiko.transport: EOF in transport thread
DEB [20180503-05:55:00.324] thr=4   paramiko.transport: starting thread (client mode): 0x66d51d50L
DEB [20180503-05:55:00.325] thr=4   paramiko.transport: Local version/idstring: SSH-2.0-paramiko_2.3.1
DEB [20180503-05:55:00.642] thr=4   paramiko.transport: Remote version/idstring: SSH-2.0-OpenSSH_6.6.1p1 Ubuntu-2ubuntu2.10
INF [20180503-05:55:00.643] thr=4   paramiko.transport: Connected (version 2.0, client OpenSSH_6.6.1p1)
DEB [20180503-05:55:00.944] thr=4   paramiko.transport: kex algos:[u'curve25519-sha256@libssh.org', u'ecdh-sha2-nistp256', u'ecdh-sha2-nistp384', u'ecdh-sha2-nistp521', u'diffie-hellman-group-exchange-sha256', u'diffie-hellman-group-exchange-sha1', u'diffie-hellman-group14-sha1', u'diffie-hellman-group1-sha1'] server key:[u'ssh-rsa', u'ssh-dss'] client encrypt:[u'aes128-ctr', u'aes192-ctr', u'aes256-ctr', u'arcfour256', u'arcfour128', u'aes128-gcm@openssh.com', u'aes256-gcm@openssh.com', u'chacha20-poly1305@openssh.com', u'aes128-cbc', u'3des-cbc', u'blowfish-cbc', u'cast128-cbc', u'aes192-cbc', u'aes256-cbc', u'arcfour', u'rijndael-cbc@lysator.liu.se'] server encrypt:[u'aes128-ctr', u'aes192-ctr', u'aes256-ctr', u'arcfour256', u'arcfour128', u'aes128-gcm@openssh.com', u'aes256-gcm@openssh.com', u'chacha20-poly1305@openssh.com', u'aes128-cbc', u'3des-cbc', u'blowfish-cbc', u'cast128-cbc', u'aes192-cbc', u'aes256-cbc', u'arcfour', u'rijndael-cbc@lysator.liu.se'] client mac:[u'hmac-md5-etm@openssh.com', u'hmac-sha1-etm@openssh.com', u'umac-64-etm@openssh.com', u'umac-128-etm@openssh.com', u'hmac-sha2-256-etm@openssh.com', u'hmac-sha2-512-etm@openssh.com', u'hmac-ripemd160-etm@openssh.com', u'hmac-sha1-96-etm@openssh.com', u'hmac-md5-96-etm@openssh.com', u'hmac-md5', u'hmac-sha1', u'umac-64@openssh.com', u'umac-128@openssh.com', u'hmac-sha2-256', u'hmac-sha2-512', u'hmac-ripemd160', u'hmac-ripemd160@openssh.com', u'hmac-sha1-96', u'hmac-md5-96'] server mac:[u'hmac-md5-etm@openssh.com', u'hmac-sha1-etm@openssh.com', u'umac-64-etm@openssh.com', u'umac-128-etm@openssh.com', u'hmac-sha2-256-etm@openssh.com', u'hmac-sha2-512-etm@openssh.com', u'hmac-ripemd160-etm@openssh.com', u'hmac-sha1-96-etm@openssh.com', u'hmac-md5-96-etm@openssh.com', u'hmac-md5', u'hmac-sha1', u'umac-64@openssh.com', u'umac-128@openssh.com', u'hmac-sha2-256', u'hmac-sha2-512', u'hmac-ripemd160', u'hmac-ripemd160@openssh.com', u'hmac-sha1-96', u'hmac-md5-96'] client compress:[u'none', u'zlib@openssh.com'] server compress:[u'none', u'zlib@openssh.com'] client lang:[u''] server lang:[u''] kex follows?False
DEB [20180503-05:55:00.945] thr=4   paramiko.transport: Kex agreed: ecdh-sha2-nistp256
DEB [20180503-05:55:00.945] thr=4   paramiko.transport: HostKey agreed: ssh-rsa
DEB [20180503-05:55:00.946] thr=4   paramiko.transport: Cipher agreed: aes128-ctr
DEB [20180503-05:55:00.946] thr=4   paramiko.transport: MAC agreed: hmac-sha2-256
DEB [20180503-05:55:00.947] thr=4   paramiko.transport: Compression agreed: none
DEB [20180503-05:55:01.271] thr=4   paramiko.transport: kex engine KexNistp256 specified hash_algo <built-in function openssl_sha256>
DEB [20180503-05:55:01.272] thr=4   paramiko.transport: Switch to new keys ...
DEB [20180503-05:55:01.303] thr=2   paramiko.transport: Adding ssh-rsa host key for 128.104.222.126: 1ff4d618e34d18048919af9053dd900b
DEB [20180503-05:55:01.304] thr=2   paramiko.transport: Trying SSH agent key 89e73dcc46046beeb1f5eec85ce6f46f
DEB [20180503-05:55:01.909] thr=4   paramiko.transport: userauth is OK
INF [20180503-05:55:08.840] thr=4   paramiko.transport: Authentication (publickey) successful!
DEB [20180503-05:55:08.850] thr=2   paramiko.transport: [chan 0] Max packet in: 32768 bytes
DEB [20180503-05:55:09.127] thr=4   paramiko.transport: [chan 0] Max packet out: 32768 bytes
DEB [20180503-05:55:09.128] thr=4   paramiko.transport: Secsh channel 0 opened.
DEB [20180503-05:55:09.436] thr=4   paramiko.transport: [chan 0] Sesch channel 0 request ok
DEB [20180503-05:55:09.439] thr=4   paramiko.transport: [chan 0] EOF received (0)
DEB [20180503-05:55:09.439] thr=4   paramiko.transport: [chan 0] EOF sent (0)
DEB [20180503-05:55:09.541] thr=4   paramiko.transport: EOF in transport thread
DEB [20180503-05:55:09.833] thr=5   paramiko.transport: starting thread (client mode): 0x692db950L
DEB [20180503-05:55:09.834] thr=5   paramiko.transport: Local version/idstring: SSH-2.0-paramiko_2.3.1
DEB [20180503-05:55:10.131] thr=5   paramiko.transport: Remote version/idstring: SSH-2.0-OpenSSH_6.6.1p1 Ubuntu-2ubuntu2.10
INF [20180503-05:55:10.136] thr=5   paramiko.transport: Connected (version 2.0, client OpenSSH_6.6.1p1)
DEB [20180503-05:55:10.435] thr=5   paramiko.transport: kex algos:[u'curve25519-sha256@libssh.org', u'ecdh-sha2-nistp256', u'ecdh-sha2-nistp384', u'ecdh-sha2-nistp521', u'diffie-hellman-group-exchange-sha256', u'diffie-hellman-group-exchange-sha1', u'diffie-hellman-group14-sha1', u'diffie-hellman-group1-sha1'] server key:[u'ssh-rsa', u'ssh-dss'] client encrypt:[u'aes128-ctr', u'aes192-ctr', u'aes256-ctr', u'arcfour256', u'arcfour128', u'aes128-gcm@openssh.com', u'aes256-gcm@openssh.com', u'chacha20-poly1305@openssh.com', u'aes128-cbc', u'3des-cbc', u'blowfish-cbc', u'cast128-cbc', u'aes192-cbc', u'aes256-cbc', u'arcfour', u'rijndael-cbc@lysator.liu.se'] server encrypt:[u'aes128-ctr', u'aes192-ctr', u'aes256-ctr', u'arcfour256', u'arcfour128', u'aes128-gcm@openssh.com', u'aes256-gcm@openssh.com', u'chacha20-poly1305@openssh.com', u'aes128-cbc', u'3des-cbc', u'blowfish-cbc', u'cast128-cbc', u'aes192-cbc', u'aes256-cbc', u'arcfour', u'rijndael-cbc@lysator.liu.se'] client mac:[u'hmac-md5-etm@openssh.com', u'hmac-sha1-etm@openssh.com', u'umac-64-etm@openssh.com', u'umac-128-etm@openssh.com', u'hmac-sha2-256-etm@openssh.com', u'hmac-sha2-512-etm@openssh.com', u'hmac-ripemd160-etm@openssh.com', u'hmac-sha1-96-etm@openssh.com', u'hmac-md5-96-etm@openssh.com', u'hmac-md5', u'hmac-sha1', u'umac-64@openssh.com', u'umac-128@openssh.com', u'hmac-sha2-256', u'hmac-sha2-512', u'hmac-ripemd160', u'hmac-ripemd160@openssh.com', u'hmac-sha1-96', u'hmac-md5-96'] server mac:[u'hmac-md5-etm@openssh.com', u'hmac-sha1-etm@openssh.com', u'umac-64-etm@openssh.com', u'umac-128-etm@openssh.com', u'hmac-sha2-256-etm@openssh.com', u'hmac-sha2-512-etm@openssh.com', u'hmac-ripemd160-etm@openssh.com', u'hmac-sha1-96-etm@openssh.com', u'hmac-md5-96-etm@openssh.com', u'hmac-md5', u'hmac-sha1', u'umac-64@openssh.com', u'umac-128@openssh.com', u'hmac-sha2-256', u'hmac-sha2-512', u'hmac-ripemd160', u'hmac-ripemd160@openssh.com', u'hmac-sha1-96', u'hmac-md5-96'] client compress:[u'none', u'zlib@openssh.com'] server compress:[u'none', u'zlib@openssh.com'] client lang:[u''] server lang:[u''] kex follows?False
DEB [20180503-05:55:10.435] thr=5   paramiko.transport: Kex agreed: ecdh-sha2-nistp256
DEB [20180503-05:55:10.436] thr=5   paramiko.transport: HostKey agreed: ssh-rsa
DEB [20180503-05:55:10.436] thr=5   paramiko.transport: Cipher agreed: aes128-ctr
DEB [20180503-05:55:10.436] thr=5   paramiko.transport: MAC agreed: hmac-sha2-256
DEB [20180503-05:55:10.436] thr=5   paramiko.transport: Compression agreed: none
DEB [20180503-05:55:10.800] thr=5   paramiko.transport: kex engine KexNistp256 specified hash_algo <built-in function openssl_sha256>
DEB [20180503-05:55:10.801] thr=5   paramiko.transport: Switch to new keys ...
DEB [20180503-05:55:10.815] thr=2   paramiko.transport: Adding ssh-rsa host key for 128.104.222.126: 1ff4d618e34d18048919af9053dd900b
DEB [20180503-05:55:10.818] thr=2   paramiko.transport: Trying SSH agent key 89e73dcc46046beeb1f5eec85ce6f46f
DEB [20180503-05:55:11.436] thr=5   paramiko.transport: userauth is OK
INF [20180503-05:55:18.466] thr=5   paramiko.transport: Authentication (publickey) successful!
DEB [20180503-05:55:18.493] thr=2   paramiko.transport: [chan 0] Max packet in: 32768 bytes
DEB [20180503-05:55:18.796] thr=5   paramiko.transport: [chan 0] Max packet out: 32768 bytes
DEB [20180503-05:55:18.797] thr=5   paramiko.transport: Secsh channel 0 opened.
DEB [20180503-05:55:19.112] thr=5   paramiko.transport: [chan 0] Sesch channel 0 request ok
DEB [20180503-05:55:19.115] thr=5   paramiko.transport: [chan 0] EOF received (0)
DEB [20180503-05:55:19.116] thr=5   paramiko.transport: [chan 0] EOF sent (0)
DEB [20180503-05:55:19.218] thr=5   paramiko.transport: EOF in transport thread
DEB [20180503-05:55:51.422] thr=1   paramiko.transport: starting thread (client mode): 0x9f18e690L
DEB [20180503-05:55:51.423] thr=1   paramiko.transport: Local version/idstring: SSH-2.0-paramiko_2.3.1
DEB [20180503-05:55:51.718] thr=1   paramiko.transport: Remote version/idstring: SSH-2.0-OpenSSH_6.6.1p1 Ubuntu-2ubuntu2.10
INF [20180503-05:55:51.720] thr=1   paramiko.transport: Connected (version 2.0, client OpenSSH_6.6.1p1)
DEB [20180503-05:55:52.025] thr=1   paramiko.transport: kex algos:[u'curve25519-sha256@libssh.org', u'ecdh-sha2-nistp256', u'ecdh-sha2-nistp384', u'ecdh-sha2-nistp521', u'diffie-hellman-group-exchange-sha256', u'diffie-hellman-group-exchange-sha1', u'diffie-hellman-group14-sha1', u'diffie-hellman-group1-sha1'] server key:[u'ssh-rsa', u'ssh-dss'] client encrypt:[u'aes128-ctr', u'aes192-ctr', u'aes256-ctr', u'arcfour256', u'arcfour128', u'aes128-gcm@openssh.com', u'aes256-gcm@openssh.com', u'chacha20-poly1305@openssh.com', u'aes128-cbc', u'3des-cbc', u'blowfish-cbc', u'cast128-cbc', u'aes192-cbc', u'aes256-cbc', u'arcfour', u'rijndael-cbc@lysator.liu.se'] server encrypt:[u'aes128-ctr', u'aes192-ctr', u'aes256-ctr', u'arcfour256', u'arcfour128', u'aes128-gcm@openssh.com', u'aes256-gcm@openssh.com', u'chacha20-poly1305@openssh.com', u'aes128-cbc', u'3des-cbc', u'blowfish-cbc', u'cast128-cbc', u'aes192-cbc', u'aes256-cbc', u'arcfour', u'rijndael-cbc@lysator.liu.se'] client mac:[u'hmac-md5-etm@openssh.com', u'hmac-sha1-etm@openssh.com', u'umac-64-etm@openssh.com', u'umac-128-etm@openssh.com', u'hmac-sha2-256-etm@openssh.com', u'hmac-sha2-512-etm@openssh.com', u'hmac-ripemd160-etm@openssh.com', u'hmac-sha1-96-etm@openssh.com', u'hmac-md5-96-etm@openssh.com', u'hmac-md5', u'hmac-sha1', u'umac-64@openssh.com', u'umac-128@openssh.com', u'hmac-sha2-256', u'hmac-sha2-512', u'hmac-ripemd160', u'hmac-ripemd160@openssh.com', u'hmac-sha1-96', u'hmac-md5-96'] server mac:[u'hmac-md5-etm@openssh.com', u'hmac-sha1-etm@openssh.com', u'umac-64-etm@openssh.com', u'umac-128-etm@openssh.com', u'hmac-sha2-256-etm@openssh.com', u'hmac-sha2-512-etm@openssh.com', u'hmac-ripemd160-etm@openssh.com', u'hmac-sha1-96-etm@openssh.com', u'hmac-md5-96-etm@openssh.com', u'hmac-md5', u'hmac-sha1', u'umac-64@openssh.com', u'umac-128@openssh.com', u'hmac-sha2-256', u'hmac-sha2-512', u'hmac-ripemd160', u'hmac-ripemd160@openssh.com', u'hmac-sha1-96', u'hmac-md5-96'] client compress:[u'none', u'zlib@openssh.com'] server compress:[u'none', u'zlib@openssh.com'] client lang:[u''] server lang:[u''] kex follows?False
DEB [20180503-05:55:52.025] thr=1   paramiko.transport: Kex agreed: ecdh-sha2-nistp256
DEB [20180503-05:55:52.026] thr=1   paramiko.transport: HostKey agreed: ssh-rsa
DEB [20180503-05:55:52.026] thr=1   paramiko.transport: Cipher agreed: aes128-ctr
DEB [20180503-05:55:52.026] thr=1   paramiko.transport: MAC agreed: hmac-sha2-256
DEB [20180503-05:55:52.026] thr=1   paramiko.transport: Compression agreed: none
DEB [20180503-05:55:52.725] thr=1   paramiko.transport: kex engine KexNistp256 specified hash_algo <built-in function openssl_sha256>
DEB [20180503-05:55:52.727] thr=1   paramiko.transport: Switch to new keys ...
DEB [20180503-05:55:52.735] thr=2   paramiko.transport: Adding ssh-rsa host key for 128.104.222.126: 1ff4d618e34d18048919af9053dd900b
DEB [20180503-05:55:52.739] thr=2   paramiko.transport: Trying SSH agent key 89e73dcc46046beeb1f5eec85ce6f46f
DEB [20180503-05:55:53.405] thr=1   paramiko.transport: userauth is OK
INF [20180503-05:56:00.804] thr=1   paramiko.transport: Authentication (publickey) successful!
DEB [20180503-05:56:00.817] thr=2   paramiko.transport: [chan 0] Max packet in: 32768 bytes
DEB [20180503-05:56:01.146] thr=1   paramiko.transport: [chan 0] Max packet out: 32768 bytes
DEB [20180503-05:56:01.147] thr=1   paramiko.transport: Secsh channel 0 opened.
DEB [20180503-05:56:01.487] thr=1   paramiko.transport: [chan 0] Sesch channel 0 request ok
DEB [20180503-05:56:01.489] thr=1   paramiko.transport: [chan 0] EOF received (0)
DEB [20180503-05:56:01.490] thr=1   paramiko.transport: [chan 0] EOF sent (0)
DEB [20180503-05:56:01.592] thr=1   paramiko.transport: EOF in transport thread
DEB [20180503-05:56:01.968] thr=3   paramiko.transport: starting thread (client mode): 0x9f18e8d0L
DEB [20180503-05:56:01.969] thr=3   paramiko.transport: Local version/idstring: SSH-2.0-paramiko_2.3.1
DEB [20180503-05:56:02.340] thr=3   paramiko.transport: Remote version/idstring: SSH-2.0-OpenSSH_6.6.1p1 Ubuntu-2ubuntu2.10
INF [20180503-05:56:02.341] thr=3   paramiko.transport: Connected (version 2.0, client OpenSSH_6.6.1p1)
DEB [20180503-05:56:02.702] thr=3   paramiko.transport: kex algos:[u'curve25519-sha256@libssh.org', u'ecdh-sha2-nistp256', u'ecdh-sha2-nistp384', u'ecdh-sha2-nistp521', u'diffie-hellman-group-exchange-sha256', u'diffie-hellman-group-exchange-sha1', u'diffie-hellman-group14-sha1', u'diffie-hellman-group1-sha1'] server key:[u'ssh-rsa', u'ssh-dss'] client encrypt:[u'aes128-ctr', u'aes192-ctr', u'aes256-ctr', u'arcfour256', u'arcfour128', u'aes128-gcm@openssh.com', u'aes256-gcm@openssh.com', u'chacha20-poly1305@openssh.com', u'aes128-cbc', u'3des-cbc', u'blowfish-cbc', u'cast128-cbc', u'aes192-cbc', u'aes256-cbc', u'arcfour', u'rijndael-cbc@lysator.liu.se'] server encrypt:[u'aes128-ctr', u'aes192-ctr', u'aes256-ctr', u'arcfour256', u'arcfour128', u'aes128-gcm@openssh.com', u'aes256-gcm@openssh.com', u'chacha20-poly1305@openssh.com', u'aes128-cbc', u'3des-cbc', u'blowfish-cbc', u'cast128-cbc', u'aes192-cbc', u'aes256-cbc', u'arcfour', u'rijndael-cbc@lysator.liu.se'] client mac:[u'hmac-md5-etm@openssh.com', u'hmac-sha1-etm@openssh.com', u'umac-64-etm@openssh.com', u'umac-128-etm@openssh.com', u'hmac-sha2-256-etm@openssh.com', u'hmac-sha2-512-etm@openssh.com', u'hmac-ripemd160-etm@openssh.com', u'hmac-sha1-96-etm@openssh.com', u'hmac-md5-96-etm@openssh.com', u'hmac-md5', u'hmac-sha1', u'umac-64@openssh.com', u'umac-128@openssh.com', u'hmac-sha2-256', u'hmac-sha2-512', u'hmac-ripemd160', u'hmac-ripemd160@openssh.com', u'hmac-sha1-96', u'hmac-md5-96'] server mac:[u'hmac-md5-etm@openssh.com', u'hmac-sha1-etm@openssh.com', u'umac-64-etm@openssh.com', u'umac-128-etm@openssh.com', u'hmac-sha2-256-etm@openssh.com', u'hmac-sha2-512-etm@openssh.com', u'hmac-ripemd160-etm@openssh.com', u'hmac-sha1-96-etm@openssh.com', u'hmac-md5-96-etm@openssh.com', u'hmac-md5', u'hmac-sha1', u'umac-64@openssh.com', u'umac-128@openssh.com', u'hmac-sha2-256', u'hmac-sha2-512', u'hmac-ripemd160', u'hmac-ripemd160@openssh.com', u'hmac-sha1-96', u'hmac-md5-96'] client compress:[u'none', u'zlib@openssh.com'] server compress:[u'none', u'zlib@openssh.com'] client lang:[u''] server lang:[u''] kex follows?False
DEB [20180503-05:56:02.703] thr=3   paramiko.transport: Kex agreed: ecdh-sha2-nistp256
DEB [20180503-05:56:02.703] thr=3   paramiko.transport: HostKey agreed: ssh-rsa
DEB [20180503-05:56:02.703] thr=3   paramiko.transport: Cipher agreed: aes128-ctr
DEB [20180503-05:56:02.704] thr=3   paramiko.transport: MAC agreed: hmac-sha2-256
DEB [20180503-05:56:02.704] thr=3   paramiko.transport: Compression agreed: none
DEB [20180503-05:56:03.104] thr=3   paramiko.transport: kex engine KexNistp256 specified hash_algo <built-in function openssl_sha256>
DEB [20180503-05:56:03.105] thr=3   paramiko.transport: Switch to new keys ...
DEB [20180503-05:56:03.114] thr=2   paramiko.transport: Adding ssh-rsa host key for 128.104.222.126: 1ff4d618e34d18048919af9053dd900b
DEB [20180503-05:56:03.116] thr=2   paramiko.transport: Trying SSH agent key 89e73dcc46046beeb1f5eec85ce6f46f
DEB [20180503-05:56:03.861] thr=3   paramiko.transport: userauth is OK
INF [20180503-05:56:11.175] thr=3   paramiko.transport: Authentication (publickey) successful!
DEB [20180503-05:56:11.195] thr=2   paramiko.transport: [chan 0] Max packet in: 32768 bytes
DEB [20180503-05:56:11.566] thr=3   paramiko.transport: [chan 0] Max packet out: 32768 bytes
DEB [20180503-05:56:11.567] thr=3   paramiko.transport: Secsh channel 0 opened.
DEB [20180503-05:56:11.936] thr=3   paramiko.transport: [chan 0] Sesch channel 0 request ok
DEB [20180503-05:56:11.941] thr=3   paramiko.transport: [chan 0] EOF received (0)
DEB [20180503-05:56:12.256] thr=4   paramiko.transport: starting thread (client mode): 0x9d88cd50L
DEB [20180503-05:56:12.257] thr=4   paramiko.transport: Local version/idstring: SSH-2.0-paramiko_2.3.1
DEB [20180503-05:56:12.572] thr=4   paramiko.transport: Remote version/idstring: SSH-2.0-OpenSSH_6.6.1p1 Ubuntu-2ubuntu2.10
INF [20180503-05:56:12.574] thr=4   paramiko.transport: Connected (version 2.0, client OpenSSH_6.6.1p1)
DEB [20180503-05:56:12.874] thr=4   paramiko.transport: kex algos:[u'curve25519-sha256@libssh.org', u'ecdh-sha2-nistp256', u'ecdh-sha2-nistp384', u'ecdh-sha2-nistp521', u'diffie-hellman-group-exchange-sha256', u'diffie-hellman-group-exchange-sha1', u'diffie-hellman-group14-sha1', u'diffie-hellman-group1-sha1'] server key:[u'ssh-rsa', u'ssh-dss'] client encrypt:[u'aes128-ctr', u'aes192-ctr', u'aes256-ctr', u'arcfour256', u'arcfour128', u'aes128-gcm@openssh.com', u'aes256-gcm@openssh.com', u'chacha20-poly1305@openssh.com', u'aes128-cbc', u'3des-cbc', u'blowfish-cbc', u'cast128-cbc', u'aes192-cbc', u'aes256-cbc', u'arcfour', u'rijndael-cbc@lysator.liu.se'] server encrypt:[u'aes128-ctr', u'aes192-ctr', u'aes256-ctr', u'arcfour256', u'arcfour128', u'aes128-gcm@openssh.com', u'aes256-gcm@openssh.com', u'chacha20-poly1305@openssh.com', u'aes128-cbc', u'3des-cbc', u'blowfish-cbc', u'cast128-cbc', u'aes192-cbc', u'aes256-cbc', u'arcfour', u'rijndael-cbc@lysator.liu.se'] client mac:[u'hmac-md5-etm@openssh.com', u'hmac-sha1-etm@openssh.com', u'umac-64-etm@openssh.com', u'umac-128-etm@openssh.com', u'hmac-sha2-256-etm@openssh.com', u'hmac-sha2-512-etm@openssh.com', u'hmac-ripemd160-etm@openssh.com', u'hmac-sha1-96-etm@openssh.com', u'hmac-md5-96-etm@openssh.com', u'hmac-md5', u'hmac-sha1', u'umac-64@openssh.com', u'umac-128@openssh.com', u'hmac-sha2-256', u'hmac-sha2-512', u'hmac-ripemd160', u'hmac-ripemd160@openssh.com', u'hmac-sha1-96', u'hmac-md5-96'] server mac:[u'hmac-md5-etm@openssh.com', u'hmac-sha1-etm@openssh.com', u'umac-64-etm@openssh.com', u'umac-128-etm@openssh.com', u'hmac-sha2-256-etm@openssh.com', u'hmac-sha2-512-etm@openssh.com', u'hmac-ripemd160-etm@openssh.com', u'hmac-sha1-96-etm@openssh.com', u'hmac-md5-96-etm@openssh.com', u'hmac-md5', u'hmac-sha1', u'umac-64@openssh.com', u'umac-128@openssh.com', u'hmac-sha2-256', u'hmac-sha2-512', u'hmac-ripemd160', u'hmac-ripemd160@openssh.com', u'hmac-sha1-96', u'hmac-md5-96'] client compress:[u'none', u'zlib@openssh.com'] server compress:[u'none', u'zlib@openssh.com'] client lang:[u''] server lang:[u''] kex follows?False
DEB [20180503-05:56:12.875] thr=4   paramiko.transport: Kex agreed: ecdh-sha2-nistp256
DEB [20180503-05:56:12.875] thr=4   paramiko.transport: HostKey agreed: ssh-rsa
DEB [20180503-05:56:12.875] thr=4   paramiko.transport: Cipher agreed: aes128-ctr
DEB [20180503-05:56:12.875] thr=4   paramiko.transport: MAC agreed: hmac-sha2-256
DEB [20180503-05:56:12.875] thr=4   paramiko.transport: Compression agreed: none
DEB [20180503-05:56:13.217] thr=4   paramiko.transport: kex engine KexNistp256 specified hash_algo <built-in function openssl_sha256>
DEB [20180503-05:56:13.220] thr=4   paramiko.transport: Switch to new keys ...
DEB [20180503-05:56:13.233] thr=2   paramiko.transport: Adding ssh-rsa host key for 128.104.222.126: 1ff4d618e34d18048919af9053dd900b
DEB [20180503-05:56:13.235] thr=2   paramiko.transport: Trying SSH agent key 89e73dcc46046beeb1f5eec85ce6f46f
DEB [20180503-05:56:13.852] thr=4   paramiko.transport: userauth is OK
INF [20180503-05:56:20.843] thr=4   paramiko.transport: Authentication (publickey) successful!
DEB [20180503-05:56:20.869] thr=2   paramiko.transport: [chan 0] Max packet in: 32768 bytes
DEB [20180503-05:56:21.179] thr=4   paramiko.transport: [chan 0] Max packet out: 32768 bytes
DEB [20180503-05:56:21.180] thr=4   paramiko.transport: Secsh channel 0 opened.
DEB [20180503-05:56:21.495] thr=4   paramiko.transport: [chan 0] Sesch channel 0 request ok
DEB [20180503-05:56:21.497] thr=4   paramiko.transport: [chan 0] EOF received (0)
DEB [20180503-05:56:21.803] thr=5   paramiko.transport: starting thread (client mode): 0x9fe16950L
DEB [20180503-05:56:21.804] thr=5   paramiko.transport: Local version/idstring: SSH-2.0-paramiko_2.3.1
DEB [20180503-05:56:22.106] thr=5   paramiko.transport: Remote version/idstring: SSH-2.0-OpenSSH_6.6.1p1 Ubuntu-2ubuntu2.10
INF [20180503-05:56:22.107] thr=5   paramiko.transport: Connected (version 2.0, client OpenSSH_6.6.1p1)
DEB [20180503-05:56:22.407] thr=5   paramiko.transport: kex algos:[u'curve25519-sha256@libssh.org', u'ecdh-sha2-nistp256', u'ecdh-sha2-nistp384', u'ecdh-sha2-nistp521', u'diffie-hellman-group-exchange-sha256', u'diffie-hellman-group-exchange-sha1', u'diffie-hellman-group14-sha1', u'diffie-hellman-group1-sha1'] server key:[u'ssh-rsa', u'ssh-dss'] client encrypt:[u'aes128-ctr', u'aes192-ctr', u'aes256-ctr', u'arcfour256', u'arcfour128', u'aes128-gcm@openssh.com', u'aes256-gcm@openssh.com', u'chacha20-poly1305@openssh.com', u'aes128-cbc', u'3des-cbc', u'blowfish-cbc', u'cast128-cbc', u'aes192-cbc', u'aes256-cbc', u'arcfour', u'rijndael-cbc@lysator.liu.se'] server encrypt:[u'aes128-ctr', u'aes192-ctr', u'aes256-ctr', u'arcfour256', u'arcfour128', u'aes128-gcm@openssh.com', u'aes256-gcm@openssh.com', u'chacha20-poly1305@openssh.com', u'aes128-cbc', u'3des-cbc', u'blowfish-cbc', u'cast128-cbc', u'aes192-cbc', u'aes256-cbc', u'arcfour', u'rijndael-cbc@lysator.liu.se'] client mac:[u'hmac-md5-etm@openssh.com', u'hmac-sha1-etm@openssh.com', u'umac-64-etm@openssh.com', u'umac-128-etm@openssh.com', u'hmac-sha2-256-etm@openssh.com', u'hmac-sha2-512-etm@openssh.com', u'hmac-ripemd160-etm@openssh.com', u'hmac-sha1-96-etm@openssh.com', u'hmac-md5-96-etm@openssh.com', u'hmac-md5', u'hmac-sha1', u'umac-64@openssh.com', u'umac-128@openssh.com', u'hmac-sha2-256', u'hmac-sha2-512', u'hmac-ripemd160', u'hmac-ripemd160@openssh.com', u'hmac-sha1-96', u'hmac-md5-96'] server mac:[u'hmac-md5-etm@openssh.com', u'hmac-sha1-etm@openssh.com', u'umac-64-etm@openssh.com', u'umac-128-etm@openssh.com', u'hmac-sha2-256-etm@openssh.com', u'hmac-sha2-512-etm@openssh.com', u'hmac-ripemd160-etm@openssh.com', u'hmac-sha1-96-etm@openssh.com', u'hmac-md5-96-etm@openssh.com', u'hmac-md5', u'hmac-sha1', u'umac-64@openssh.com', u'umac-128@openssh.com', u'hmac-sha2-256', u'hmac-sha2-512', u'hmac-ripemd160', u'hmac-ripemd160@openssh.com', u'hmac-sha1-96', u'hmac-md5-96'] client compress:[u'none', u'zlib@openssh.com'] server compress:[u'none', u'zlib@openssh.com'] client lang:[u''] server lang:[u''] kex follows?False
DEB [20180503-05:56:22.407] thr=5   paramiko.transport: Kex agreed: ecdh-sha2-nistp256
DEB [20180503-05:56:22.407] thr=5   paramiko.transport: HostKey agreed: ssh-rsa
DEB [20180503-05:56:22.407] thr=5   paramiko.transport: Cipher agreed: aes128-ctr
DEB [20180503-05:56:22.408] thr=5   paramiko.transport: MAC agreed: hmac-sha2-256
DEB [20180503-05:56:22.408] thr=5   paramiko.transport: Compression agreed: none
DEB [20180503-05:56:22.758] thr=5   paramiko.transport: kex engine KexNistp256 specified hash_algo <built-in function openssl_sha256>
DEB [20180503-05:56:22.759] thr=5   paramiko.transport: Switch to new keys ...
DEB [20180503-05:56:22.783] thr=2   paramiko.transport: Adding ssh-rsa host key for 128.104.222.126: 1ff4d618e34d18048919af9053dd900b
DEB [20180503-05:56:22.786] thr=2   paramiko.transport: Trying SSH agent key 89e73dcc46046beeb1f5eec85ce6f46f
DEB [20180503-05:56:23.395] thr=5   paramiko.transport: userauth is OK
INF [20180503-05:56:30.620] thr=5   paramiko.transport: Authentication (publickey) successful!
DEB [20180503-05:56:30.652] thr=2   paramiko.transport: [chan 0] Max packet in: 32768 bytes
DEB [20180503-05:56:30.959] thr=5   paramiko.transport: [chan 0] Max packet out: 32768 bytes
DEB [20180503-05:56:30.959] thr=5   paramiko.transport: Secsh channel 0 opened.
DEB [20180503-05:56:31.270] thr=5   paramiko.transport: [chan 0] Sesch channel 0 request ok
DEB [20180503-05:56:31.273] thr=5   paramiko.transport: [chan 0] EOF received (0)
DEB [20180503-23:52:32.779] thr=1   paramiko.transport: starting thread (client mode): 0x29dbd650L
DEB [20180503-23:52:32.780] thr=1   paramiko.transport: Local version/idstring: SSH-2.0-paramiko_2.3.1
DEB [20180503-23:52:33.062] thr=1   paramiko.transport: Remote version/idstring: SSH-2.0-OpenSSH_6.6.1p1 Ubuntu-2ubuntu2.10
INF [20180503-23:52:33.064] thr=1   paramiko.transport: Connected (version 2.0, client OpenSSH_6.6.1p1)
DEB [20180503-23:52:33.339] thr=1   paramiko.transport: kex algos:[u'curve25519-sha256@libssh.org', u'ecdh-sha2-nistp256', u'ecdh-sha2-nistp384', u'ecdh-sha2-nistp521', u'diffie-hellman-group-exchange-sha256', u'diffie-hellman-group-exchange-sha1', u'diffie-hellman-group14-sha1', u'diffie-hellman-group1-sha1'] server key:[u'ssh-rsa', u'ssh-dss'] client encrypt:[u'aes128-ctr', u'aes192-ctr', u'aes256-ctr', u'arcfour256', u'arcfour128', u'aes128-gcm@openssh.com', u'aes256-gcm@openssh.com', u'chacha20-poly1305@openssh.com', u'aes128-cbc', u'3des-cbc', u'blowfish-cbc', u'cast128-cbc', u'aes192-cbc', u'aes256-cbc', u'arcfour', u'rijndael-cbc@lysator.liu.se'] server encrypt:[u'aes128-ctr', u'aes192-ctr', u'aes256-ctr', u'arcfour256', u'arcfour128', u'aes128-gcm@openssh.com', u'aes256-gcm@openssh.com', u'chacha20-poly1305@openssh.com', u'aes128-cbc', u'3des-cbc', u'blowfish-cbc', u'cast128-cbc', u'aes192-cbc', u'aes256-cbc', u'arcfour', u'rijndael-cbc@lysator.liu.se'] client mac:[u'hmac-md5-etm@openssh.com', u'hmac-sha1-etm@openssh.com', u'umac-64-etm@openssh.com', u'umac-128-etm@openssh.com', u'hmac-sha2-256-etm@openssh.com', u'hmac-sha2-512-etm@openssh.com', u'hmac-ripemd160-etm@openssh.com', u'hmac-sha1-96-etm@openssh.com', u'hmac-md5-96-etm@openssh.com', u'hmac-md5', u'hmac-sha1', u'umac-64@openssh.com', u'umac-128@openssh.com', u'hmac-sha2-256', u'hmac-sha2-512', u'hmac-ripemd160', u'hmac-ripemd160@openssh.com', u'hmac-sha1-96', u'hmac-md5-96'] server mac:[u'hmac-md5-etm@openssh.com', u'hmac-sha1-etm@openssh.com', u'umac-64-etm@openssh.com', u'umac-128-etm@openssh.com', u'hmac-sha2-256-etm@openssh.com', u'hmac-sha2-512-etm@openssh.com', u'hmac-ripemd160-etm@openssh.com', u'hmac-sha1-96-etm@openssh.com', u'hmac-md5-96-etm@openssh.com', u'hmac-md5', u'hmac-sha1', u'umac-64@openssh.com', u'umac-128@openssh.com', u'hmac-sha2-256', u'hmac-sha2-512', u'hmac-ripemd160', u'hmac-ripemd160@openssh.com', u'hmac-sha1-96', u'hmac-md5-96'] client compress:[u'none', u'zlib@openssh.com'] server compress:[u'none', u'zlib@openssh.com'] client lang:[u''] server lang:[u''] kex follows?False
DEB [20180503-23:52:33.340] thr=1   paramiko.transport: Kex agreed: ecdh-sha2-nistp256
DEB [20180503-23:52:33.341] thr=1   paramiko.transport: HostKey agreed: ssh-rsa
DEB [20180503-23:52:33.341] thr=1   paramiko.transport: Cipher agreed: aes128-ctr
DEB [20180503-23:52:33.342] thr=1   paramiko.transport: MAC agreed: hmac-sha2-256
DEB [20180503-23:52:33.342] thr=1   paramiko.transport: Compression agreed: none
DEB [20180503-23:52:33.697] thr=1   paramiko.transport: kex engine KexNistp256 specified hash_algo <built-in function openssl_sha256>
DEB [20180503-23:52:33.698] thr=1   paramiko.transport: Switch to new keys ...
DEB [20180503-23:52:33.704] thr=2   paramiko.transport: Adding ssh-rsa host key for 128.104.222.126: 1ff4d618e34d18048919af9053dd900b
DEB [20180503-23:52:33.707] thr=2   paramiko.transport: Trying SSH agent key 89e73dcc46046beeb1f5eec85ce6f46f
DEB [20180503-23:52:34.288] thr=1   paramiko.transport: userauth is OK
INF [20180503-23:52:40.613] thr=1   paramiko.transport: Authentication (publickey) successful!
DEB [20180503-23:52:40.640] thr=2   paramiko.transport: [chan 0] Max packet in: 32768 bytes
DEB [20180503-23:52:40.919] thr=1   paramiko.transport: [chan 0] Max packet out: 32768 bytes
DEB [20180503-23:52:40.920] thr=1   paramiko.transport: Secsh channel 0 opened.
DEB [20180503-23:52:41.224] thr=1   paramiko.transport: [chan 0] Sesch channel 0 request ok
DEB [20180503-23:52:41.238] thr=1   paramiko.transport: [chan 0] EOF received (0)
DEB [20180503-23:52:41.240] thr=1   paramiko.transport: [chan 0] EOF sent (0)
DEB [20180503-23:52:41.241] thr=1   paramiko.transport: Dropping user packet because connection is dead.
DEB [20180503-23:52:41.241] thr=1   paramiko.transport: Dropping user packet because connection is dead.
